#
# There is insufficient memory for the Java Runtime Environment to continue.
# Native memory allocation (mmap) failed to map 350224384 bytes. Error detail: G1 virtual space
# Possible reasons:
#   The system is out of physical RAM or swap space
#   This process is running with CompressedOops enabled, and the Java Heap may be blocking the growth of the native heap
# Possible solutions:
#   Reduce memory load on the system
#   Increase physical memory or swap space
#   Check if swap backing store is full
#   Decrease Java heap size (-Xmx/-Xms)
#   Decrease number of Java threads
#   Decrease Java thread stack sizes (-Xss)
#   Set larger code cache with -XX:ReservedCodeCacheSize=
#   JVM is running with Zero Based Compressed Oops mode in which the Java heap is
#     placed in the first 32GB address space. The Java Heap base address is the
#     maximum limit for the native heap growth. Please use -XX:HeapBaseMinAddress
#     to set the Java Heap base and to place the Java Heap above 32GB virtual address.
# This output file may be truncated or incomplete.
#
#  Out of Memory Error (os_windows.cpp:3825), pid=28448, tid=30928
#
# JRE version: OpenJDK Runtime Environment JBR-17.0.12+1-1087.25-nomod (17.0.12+1) (build 17.0.12+1-b1087.25)
# Java VM: OpenJDK 64-Bit Server VM JBR-17.0.12+1-1087.25-nomod (17.0.12+1-b1087.25, mixed mode, tiered, compressed oops, compressed class ptrs, g1 gc, windows-amd64)
# No core dump will be written. Minidumps are not enabled by default on client versions of Windows
#

---------------  S U M M A R Y ------------

Command Line: --module-path=C:\Users\GIGABYTE\.m2\repository\org\openjfx\javafx-base\21\javafx-base-21-win.jar;C:\Users\GIGABYTE\.m2\repository\org\openjfx\javafx-base\21\javafx-base-21.jar;C:\Users\GIGABYTE\.m2\repository\org\openjfx\javafx-controls\21\javafx-controls-21-win.jar;C:\Users\GIGABYTE\.m2\repository\org\openjfx\javafx-controls\21\javafx-controls-21.jar;C:\Users\GIGABYTE\.m2\repository\org\openjfx\javafx-fxml\21\javafx-fxml-21-win.jar;C:\Users\GIGABYTE\.m2\repository\org\openjfx\javafx-fxml\21\javafx-fxml-21.jar;C:\Users\GIGABYTE\.m2\repository\org\openjfx\javafx-graphics\21\javafx-graphics-21-win.jar;C:\Users\GIGABYTE\.m2\repository\org\openjfx\javafx-graphics\21\javafx-graphics-21.jar;C:\Users\GIGABYTE\.m2\repository\org\openjfx\javafx-media\21\javafx-media-21-win.jar;C:\Users\GIGABYTE\.m2\repository\org\openjfx\javafx-media\21\javafx-media-21.jar --add-modules=javafx.base,javafx.controls,javafx.fxml,javafx.graphics,javafx.media tn.esprit.MainFx

Host: 11th Gen Intel(R) Core(TM) i5-11400H @ 2.70GHz, 12 cores, 15G,  Windows 11 , 64 bit Build 22621 (10.0.22621.4830)
Time: Wed Feb 26 14:33:35 2025 Afr. centrale Ouest elapsed time: 4.477007 seconds (0d 0h 0m 4s)

---------------  T H R E A D  ---------------

Current thread (0x000001903aebd9c0):  VMThread "VM Thread" [stack: 0x0000002fa6a00000,0x0000002fa6b00000] [id=30928]

Stack: [0x0000002fa6a00000,0x0000002fa6b00000]
Native frames: (J=compiled Java code, j=interpreted, Vv=VM code, C=native code)
V  [jvm.dll+0x688dd9]  os::platform_print_native_stack+0xd9  (os_windows_x86.cpp:235)
V  [jvm.dll+0x842eaa]  VMError::report+0xc6a  (vmError.cpp:855)
V  [jvm.dll+0x844aee]  VMError::report_and_die+0x78e  (vmError.cpp:1749)
V  [jvm.dll+0x845153]  VMError::report_and_die+0x43  (vmError.cpp:1535)
V  [jvm.dll+0x24ba3f]  report_vm_out_of_memory+0x8f  (debug.cpp:321)
V  [jvm.dll+0x685ba9]  os::pd_commit_memory_or_exit+0xc9  (os_windows.cpp:3833)
V  [jvm.dll+0x67a45a]  os::commit_memory_or_exit+0x2a  (os.cpp:1732)
V  [jvm.dll+0x30c60b]  G1PageBasedVirtualSpace::commit+0x19b  (g1PageBasedVirtualSpace.cpp:204)
V  [jvm.dll+0x313ab6]  G1RegionsLargerThanCommitSizeMapper::commit_regions+0x96  (g1RegionToSpaceMapper.cpp:100)
V  [jvm.dll+0x363c6e]  HeapRegionManager::expand_any+0xee  (heapRegionManager.cpp:363)
V  [jvm.dll+0x363e9f]  HeapRegionManager::expand_by+0x7f  (heapRegionManager.cpp:380)
V  [jvm.dll+0x2e2658]  G1CollectedHeap::expand+0xb8  (g1CollectedHeap.cpp:1292)
V  [jvm.dll+0x2e09bc]  G1CollectedHeap::do_collection_pause_at_safepoint_helper+0xa1c  (g1CollectedHeap.cpp:3093)
V  [jvm.dll+0x2dff8c]  G1CollectedHeap::do_collection_pause_at_safepoint+0x5c  (g1CollectedHeap.cpp:2897)
V  [jvm.dll+0x32479b]  VM_G1CollectForAllocation::doit+0x6b  (g1VMOperations.cpp:147)
V  [jvm.dll+0x84984b]  VM_Operation::evaluate+0xfb  (vmOperations.cpp:73)
V  [jvm.dll+0x84a582]  VMThread::evaluate_operation+0xd2  (vmThread.cpp:269)
V  [jvm.dll+0x84aa9d]  VMThread::inner_execute+0x1ad  (vmThread.cpp:417)
V  [jvm.dll+0x84ae74]  VMThread::loop+0x254  (vmThread.cpp:481)
V  [jvm.dll+0x84af40]  VMThread::run+0x70  (vmThread.cpp:167)
V  [jvm.dll+0x7f17da]  Thread::call_run+0x8a  (thread.cpp:405)
V  [jvm.dll+0x687c55]  thread_native_entry+0x75  (os_windows.cpp:550)
C  [ucrtbase.dll+0x29333]
C  [KERNEL32.DLL+0x1259d]
C  [ntdll.dll+0x5af38]

VM_Operation (0x0000002fa91fee20): G1CollectForAllocation, mode: safepoint, requested by thread 0x00000190418d4fa0


---------------  P R O C E S S  ---------------

Threads class SMR info:
_java_thread_list=0x000001903fd05350, length=23, elements={
0x000001901bebe060, 0x000001903f05c500, 0x000001903f05d0c0, 0x000001903f0aba20,
0x000001903f0ac5e0, 0x000001903f0b13c0, 0x000001903f0c6a90, 0x000001903f0c7390,
0x000001903f0c7e40, 0x000001903f0d0850, 0x000001903f248420, 0x000001903f97f8c0,
0x000001903f97ee50, 0x000001903fd06260, 0x000001903fd076b0, 0x0000019040d48910,
0x0000019040d165f0, 0x0000019040e41750, 0x00000190418d8240, 0x00000190418d7820,
0x00000190464ef890, 0x00000190418d8750, 0x00000190418d4fa0
}

Java Threads: ( => current thread )
  0x000001901bebe060 JavaThread "main" [_thread_blocked, id=13224, stack(0x0000002fa6400000,0x0000002fa6500000)]
  0x000001903f05c500 JavaThread "Reference Handler" daemon [_thread_blocked, id=32948, stack(0x0000002fa6b00000,0x0000002fa6c00000)]
  0x000001903f05d0c0 JavaThread "Finalizer" daemon [_thread_blocked, id=32592, stack(0x0000002fa6c00000,0x0000002fa6d00000)]
  0x000001903f0aba20 JavaThread "Signal Dispatcher" daemon [_thread_blocked, id=6924, stack(0x0000002fa6d00000,0x0000002fa6e00000)]
  0x000001903f0ac5e0 JavaThread "Attach Listener" daemon [_thread_blocked, id=28492, stack(0x0000002fa6e00000,0x0000002fa6f00000)]
  0x000001903f0b13c0 JavaThread "Service Thread" daemon [_thread_blocked, id=22216, stack(0x0000002fa6f00000,0x0000002fa7000000)]
  0x000001903f0c6a90 JavaThread "Monitor Deflation Thread" daemon [_thread_blocked, id=34048, stack(0x0000002fa7000000,0x0000002fa7100000)]
  0x000001903f0c7390 JavaThread "C2 CompilerThread0" daemon [_thread_blocked, id=6832, stack(0x0000002fa7100000,0x0000002fa7200000)]
  0x000001903f0c7e40 JavaThread "C1 CompilerThread0" daemon [_thread_blocked, id=34292, stack(0x0000002fa7200000,0x0000002fa7300000)]
  0x000001903f0d0850 JavaThread "Sweeper thread" daemon [_thread_blocked, id=12492, stack(0x0000002fa7300000,0x0000002fa7400000)]
  0x000001903f248420 JavaThread "Common-Cleaner" daemon [_thread_blocked, id=15672, stack(0x0000002fa7400000,0x0000002fa7500000)]
  0x000001903f97f8c0 JavaThread "Notification Thread" daemon [_thread_blocked, id=31968, stack(0x0000002fa7700000,0x0000002fa7800000)]
  0x000001903f97ee50 JavaThread "QuantumRenderer-0" daemon [_thread_blocked, id=31568, stack(0x0000002fa7900000,0x0000002fa7a00000)]
  0x000001903fd06260 JavaThread "InvokeLaterDispatcher" daemon [_thread_blocked, id=34320, stack(0x0000002fa7a00000,0x0000002fa7b00000)]
  0x000001903fd076b0 JavaThread "JavaFX Application Thread" [_thread_blocked, id=29656, stack(0x0000002fa7b00000,0x0000002fa7c00000)]
  0x0000019040d48910 JavaThread "JavaFX-Launcher" [_thread_blocked, id=30204, stack(0x0000002fa8000000,0x0000002fa8100000)]
  0x0000019040d165f0 JavaThread "Thread-2" daemon [_thread_blocked, id=30832, stack(0x0000002fa7f00000,0x0000002fa8000000)]
  0x0000019040e41750 JavaThread "mysql-cj-abandoned-connection-cleanup" daemon [_thread_blocked, id=14224, stack(0x0000002fa8600000,0x0000002fa8700000)]
  0x00000190418d8240 JavaThread "Keep-Alive-Timer" daemon [_thread_blocked, id=13256, stack(0x0000002fa7500000,0x0000002fa7600000)]
  0x00000190418d7820 JavaThread "pool-2-thread-1" [_thread_blocked, id=20120, stack(0x0000002fa7600000,0x0000002fa7700000)]
  0x00000190464ef890 JavaThread "C2 CompilerThread1" daemon [_thread_blocked, id=23424, stack(0x0000002fa8d00000,0x0000002fa8e00000)]
  0x00000190418d8750 JavaThread "JFXMedia Player EventQueueThread" daemon [_thread_blocked, id=27084, stack(0x0000002fa9000000,0x0000002fa9100000)]
  0x00000190418d4fa0 JavaThread "Unknown thread" [_thread_blocked, id=11928, stack(0x0000002fa9100000,0x0000002fa9200000)]

Other Threads:
=>0x000001903aebd9c0 VMThread "VM Thread" [stack: 0x0000002fa6a00000,0x0000002fa6b00000] [id=30928]
  0x000001903f8d1b90 WatcherThread [stack: 0x0000002fa7800000,0x0000002fa7900000] [id=2724]
  0x000001901bf2ad80 GCTaskThread "GC Thread#0" [stack: 0x0000002fa6500000,0x0000002fa6600000] [id=8796]
  0x0000019040d43e50 GCTaskThread "GC Thread#1" [stack: 0x0000002fa8100000,0x0000002fa8200000] [id=16928]
  0x0000019040d07530 GCTaskThread "GC Thread#2" [stack: 0x0000002fa8200000,0x0000002fa8300000] [id=24888]
  0x0000019040d049b0 GCTaskThread "GC Thread#3" [stack: 0x0000002fa8300000,0x0000002fa8400000] [id=10428]
  0x0000019040d3ef60 GCTaskThread "GC Thread#4" [stack: 0x0000002fa8400000,0x0000002fa8500000] [id=34724]
  0x0000019040c80200 GCTaskThread "GC Thread#5" [stack: 0x0000002fa8500000,0x0000002fa8600000] [id=23400]
  0x000001904173c780 GCTaskThread "GC Thread#6" [stack: 0x0000002fa8700000,0x0000002fa8800000] [id=24420]
  0x000001904173ca40 GCTaskThread "GC Thread#7" [stack: 0x0000002fa8800000,0x0000002fa8900000] [id=11584]
  0x00000190415728c0 GCTaskThread "GC Thread#8" [stack: 0x0000002fa8900000,0x0000002fa8a00000] [id=23084]
  0x0000019041572b80 GCTaskThread "GC Thread#9" [stack: 0x0000002fa8a00000,0x0000002fa8b00000] [id=25492]
  0x000001901bf3c100 ConcurrentGCThread "G1 Main Marker" [stack: 0x0000002fa6600000,0x0000002fa6700000] [id=31432]
  0x000001901bf3cb20 ConcurrentGCThread "G1 Conc#0" [stack: 0x0000002fa6700000,0x0000002fa6800000] [id=11252]
  0x0000019041572e40 ConcurrentGCThread "G1 Conc#1" [stack: 0x0000002fa8b00000,0x0000002fa8c00000] [id=29100]
  0x000001904105d040 ConcurrentGCThread "G1 Conc#2" [stack: 0x0000002fa8c00000,0x0000002fa8d00000] [id=33084]
  0x000001903ad6c210 ConcurrentGCThread "G1 Refine#0" [stack: 0x0000002fa6800000,0x0000002fa6900000] [id=11728]
  0x000001903ad6db60 ConcurrentGCThread "G1 Service" [stack: 0x0000002fa6900000,0x0000002fa6a00000] [id=17492]

Threads with active compile tasks:

VM state: at safepoint (normal execution)

VM Mutex/Monitor currently owned by a thread:  ([mutex/lock_event])
[0x000001901beb93f0] Threads_lock - owner thread: 0x000001903aebd9c0
[0x000001901beb9360] Heap_lock - owner thread: 0x00000190418d4fa0

Heap address: 0x0000000703600000, size: 4042 MB, Compressed Oops mode: Zero based, Oop shift amount: 3

CDS archive(s) not mapped
Compressed class space mapped at: 0x0000000800000000-0x0000000840000000, reserved size: 1073741824
Narrow klass base: 0x0000000800000000, Narrow klass shift: 0, Narrow klass range: 0x40000000

GC Precious Log:
 CPUs: 12 total, 12 available
 Memory: 16163M
 Large Page Support: Disabled
 NUMA Support: Disabled
 Compressed Oops: Enabled (Zero based)
 Heap Region Size: 2M
 Heap Min Capacity: 8M
 Heap Initial Capacity: 254M
 Heap Max Capacity: 4042M
 Pre-touch: Disabled
 Parallel Workers: 10
 Concurrent Workers: 3
 Concurrent Refinement Workers: 10
 Periodic GC: Disabled

Heap:
 garbage-first heap   total 348160K, used 76706K [0x0000000703600000, 0x0000000800000000)
  region size 2048K, 1 young (2048K), 1 survivors (2048K)
 Metaspace       used 31517K, committed 31744K, reserved 1114112K
  class space    used 3816K, committed 3904K, reserved 1048576K

Heap Regions: E=young(eden), S=young(survivor), O=old, HS=humongous(starts), HC=humongous(continues), CS=collection set, F=free, OA=open archive, CA=closed archive, TAMS=top-at-mark-start (previous, next)
|   0|0x0000000703600000, 0x0000000703800000, 0x0000000703800000|100%|HS|  |TAMS 0x0000000703800000, 0x0000000703600000| Complete 
|   1|0x0000000703800000, 0x0000000703a00000, 0x0000000703a00000|100%|HC|  |TAMS 0x0000000703a00000, 0x0000000703800000| Complete 
|   2|0x0000000703a00000, 0x0000000703c00000, 0x0000000703c00000|100%|HC|  |TAMS 0x0000000703c00000, 0x0000000703a00000| Complete 
|   3|0x0000000703c00000, 0x0000000703e00000, 0x0000000703e00000|100%|HC|  |TAMS 0x0000000703e00000, 0x0000000703c00000| Complete 
|   4|0x0000000703e00000, 0x0000000703e00000, 0x0000000704000000|  0%| F|  |TAMS 0x0000000703e00000, 0x0000000703e00000| Untracked 
|   5|0x0000000704000000, 0x0000000704200000, 0x0000000704200000|100%|HS|  |TAMS 0x0000000704200000, 0x0000000704000000| Complete 
|   6|0x0000000704200000, 0x0000000704400000, 0x0000000704400000|100%|HC|  |TAMS 0x0000000704400000, 0x0000000704200000| Complete 
|   7|0x0000000704400000, 0x0000000704600000, 0x0000000704600000|100%|HC|  |TAMS 0x0000000704600000, 0x0000000704400000| Complete 
|   8|0x0000000704600000, 0x0000000704800000, 0x0000000704800000|100%|HC|  |TAMS 0x0000000704800000, 0x0000000704600000| Complete 
|   9|0x0000000704800000, 0x0000000704a00000, 0x0000000704a00000|100%| O|  |TAMS 0x0000000704a00000, 0x0000000704800000| Untracked 
|  10|0x0000000704a00000, 0x0000000704c00000, 0x0000000704c00000|100%| O|  |TAMS 0x0000000704c00000, 0x0000000704a00000| Untracked 
|  11|0x0000000704c00000, 0x0000000704e00000, 0x0000000704e00000|100%| O|  |TAMS 0x0000000704e00000, 0x0000000704c00000| Untracked 
|  12|0x0000000704e00000, 0x0000000704e00000, 0x0000000705000000|  0%| F|  |TAMS 0x0000000704e00000, 0x0000000704e00000| Untracked 
|  13|0x0000000705000000, 0x0000000705000000, 0x0000000705200000|  0%| F|  |TAMS 0x0000000705000000, 0x0000000705000000| Untracked 
|  14|0x0000000705200000, 0x0000000705200000, 0x0000000705400000|  0%| F|  |TAMS 0x0000000705200000, 0x0000000705200000| Untracked 
|  15|0x0000000705400000, 0x0000000705400000, 0x0000000705600000|  0%| F|  |TAMS 0x0000000705400000, 0x0000000705400000| Untracked 
|  16|0x0000000705600000, 0x0000000705600000, 0x0000000705800000|  0%| F|  |TAMS 0x0000000705600000, 0x0000000705600000| Untracked 
|  17|0x0000000705800000, 0x0000000705800000, 0x0000000705a00000|  0%| F|  |TAMS 0x0000000705800000, 0x0000000705800000| Untracked 
|  18|0x0000000705a00000, 0x0000000705c00000, 0x0000000705c00000|100%| O|  |TAMS 0x0000000705c00000, 0x0000000705a00000| Untracked 
|  19|0x0000000705c00000, 0x0000000705e00000, 0x0000000705e00000|100%| O|  |TAMS 0x0000000705e00000, 0x0000000705c00000| Untracked 
|  20|0x0000000705e00000, 0x0000000705e50000, 0x0000000706000000| 15%| O|  |TAMS 0x0000000705e50000, 0x0000000705e00000| Untracked 
|  21|0x0000000706000000, 0x0000000706000000, 0x0000000706200000|  0%| F|  |TAMS 0x0000000706000000, 0x0000000706000000| Untracked 
|  22|0x0000000706200000, 0x0000000706200000, 0x0000000706400000|  0%| F|  |TAMS 0x0000000706200000, 0x0000000706200000| Untracked 
|  23|0x0000000706400000, 0x0000000706400000, 0x0000000706600000|  0%| F|  |TAMS 0x0000000706400000, 0x0000000706400000| Untracked 
|  24|0x0000000706600000, 0x0000000706600000, 0x0000000706800000|  0%| F|  |TAMS 0x0000000706600000, 0x0000000706600000| Untracked 
|  25|0x0000000706800000, 0x0000000706800000, 0x0000000706a00000|  0%| F|  |TAMS 0x0000000706800000, 0x0000000706800000| Untracked 
|  26|0x0000000706a00000, 0x0000000706c00000, 0x0000000706c00000|100%|HS|  |TAMS 0x0000000706c00000, 0x0000000706a00000| Complete 
|  27|0x0000000706c00000, 0x0000000706e00000, 0x0000000706e00000|100%|HC|  |TAMS 0x0000000706e00000, 0x0000000706c00000| Complete 
|  28|0x0000000706e00000, 0x0000000707000000, 0x0000000707000000|100%|HC|  |TAMS 0x0000000707000000, 0x0000000706e00000| Complete 
|  29|0x0000000707000000, 0x0000000707200000, 0x0000000707200000|100%|HC|  |TAMS 0x0000000707200000, 0x0000000707000000| Complete 
|  30|0x0000000707200000, 0x0000000707400000, 0x0000000707400000|100%|HC|  |TAMS 0x0000000707400000, 0x0000000707200000| Complete 
|  31|0x0000000707400000, 0x0000000707600000, 0x0000000707600000|100%|HC|  |TAMS 0x0000000707600000, 0x0000000707400000| Complete 
|  32|0x0000000707600000, 0x0000000707800000, 0x0000000707800000|100%|HC|  |TAMS 0x0000000707800000, 0x0000000707600000| Complete 
|  33|0x0000000707800000, 0x0000000707a00000, 0x0000000707a00000|100%|HC|  |TAMS 0x0000000707a00000, 0x0000000707800000| Complete 
|  34|0x0000000707a00000, 0x0000000707c00000, 0x0000000707c00000|100%|HC|  |TAMS 0x0000000707c00000, 0x0000000707a00000| Complete 
|  35|0x0000000707c00000, 0x0000000707e00000, 0x0000000707e00000|100%|HC|  |TAMS 0x0000000707e00000, 0x0000000707c00000| Complete 
|  36|0x0000000707e00000, 0x0000000708000000, 0x0000000708000000|100%|HC|  |TAMS 0x0000000708000000, 0x0000000707e00000| Complete 
|  37|0x0000000708000000, 0x0000000708200000, 0x0000000708200000|100%|HC|  |TAMS 0x0000000708200000, 0x0000000708000000| Complete 
|  38|0x0000000708200000, 0x0000000708400000, 0x0000000708400000|100%|HS|  |TAMS 0x0000000708400000, 0x0000000708200000| Complete 
|  39|0x0000000708400000, 0x0000000708600000, 0x0000000708600000|100%|HC|  |TAMS 0x0000000708600000, 0x0000000708400000| Complete 
|  40|0x0000000708600000, 0x0000000708800000, 0x0000000708800000|100%|HC|  |TAMS 0x0000000708800000, 0x0000000708600000| Complete 
|  41|0x0000000708800000, 0x0000000708a00000, 0x0000000708a00000|100%|HC|  |TAMS 0x0000000708a00000, 0x0000000708800000| Complete 
|  42|0x0000000708a00000, 0x0000000708c00000, 0x0000000708c00000|100%|HC|  |TAMS 0x0000000708c00000, 0x0000000708a00000| Complete 
|  43|0x0000000708c00000, 0x0000000708e00000, 0x0000000708e00000|100%|HC|  |TAMS 0x0000000708e00000, 0x0000000708c00000| Complete 
|  44|0x0000000708e00000, 0x0000000709000000, 0x0000000709000000|100%|HC|  |TAMS 0x0000000709000000, 0x0000000708e00000| Complete 
|  45|0x0000000709000000, 0x0000000709200000, 0x0000000709200000|100%|HC|  |TAMS 0x0000000709200000, 0x0000000709000000| Complete 
|  46|0x0000000709200000, 0x0000000709400000, 0x0000000709400000|100%|HC|  |TAMS 0x0000000709400000, 0x0000000709200000| Complete 
|  47|0x0000000709400000, 0x0000000709600000, 0x0000000709600000|100%|HC|  |TAMS 0x0000000709600000, 0x0000000709400000| Complete 
|  48|0x0000000709600000, 0x0000000709800000, 0x0000000709800000|100%|HC|  |TAMS 0x0000000709800000, 0x0000000709600000| Complete 
|  49|0x0000000709800000, 0x0000000709a00000, 0x0000000709a00000|100%|HC|  |TAMS 0x0000000709a00000, 0x0000000709800000| Complete 
|  50|0x0000000709a00000, 0x0000000709a00000, 0x0000000709c00000|  0%| F|  |TAMS 0x0000000709a00000, 0x0000000709a00000| Untracked 
|  51|0x0000000709c00000, 0x0000000709c00000, 0x0000000709e00000|  0%| F|  |TAMS 0x0000000709c00000, 0x0000000709c00000| Untracked 
|  52|0x0000000709e00000, 0x0000000709e00000, 0x000000070a000000|  0%| F|  |TAMS 0x0000000709e00000, 0x0000000709e00000| Untracked 
|  53|0x000000070a000000, 0x000000070a000000, 0x000000070a200000|  0%| F|  |TAMS 0x000000070a000000, 0x000000070a000000| Untracked 
|  54|0x000000070a200000, 0x000000070a200000, 0x000000070a400000|  0%| F|  |TAMS 0x000000070a200000, 0x000000070a200000| Untracked 
|  55|0x000000070a400000, 0x000000070a400000, 0x000000070a600000|  0%| F|  |TAMS 0x000000070a400000, 0x000000070a400000| Untracked 
|  56|0x000000070a600000, 0x000000070a600000, 0x000000070a800000|  0%| F|  |TAMS 0x000000070a600000, 0x000000070a600000| Untracked 
|  57|0x000000070a800000, 0x000000070a800000, 0x000000070aa00000|  0%| F|  |TAMS 0x000000070a800000, 0x000000070a800000| Untracked 
|  58|0x000000070aa00000, 0x000000070aa00000, 0x000000070ac00000|  0%| F|  |TAMS 0x000000070aa00000, 0x000000070aa00000| Untracked 
|  59|0x000000070ac00000, 0x000000070ac00000, 0x000000070ae00000|  0%| F|  |TAMS 0x000000070ac00000, 0x000000070ac00000| Untracked 
|  60|0x000000070ae00000, 0x000000070ae00000, 0x000000070b000000|  0%| F|  |TAMS 0x000000070ae00000, 0x000000070ae00000| Untracked 
|  61|0x000000070b000000, 0x000000070b000000, 0x000000070b200000|  0%| F|  |TAMS 0x000000070b000000, 0x000000070b000000| Untracked 
|  62|0x000000070b200000, 0x000000070b200000, 0x000000070b400000|  0%| F|  |TAMS 0x000000070b200000, 0x000000070b200000| Untracked 
|  63|0x000000070b400000, 0x000000070b400000, 0x000000070b600000|  0%| F|  |TAMS 0x000000070b400000, 0x000000070b400000| Untracked 
|  64|0x000000070b600000, 0x000000070b600000, 0x000000070b800000|  0%| F|  |TAMS 0x000000070b600000, 0x000000070b600000| Untracked 
|  65|0x000000070b800000, 0x000000070b800000, 0x000000070ba00000|  0%| F|  |TAMS 0x000000070b800000, 0x000000070b800000| Untracked 
|  66|0x000000070ba00000, 0x000000070ba00000, 0x000000070bc00000|  0%| F|  |TAMS 0x000000070ba00000, 0x000000070ba00000| Untracked 
|  67|0x000000070bc00000, 0x000000070bc98bc8, 0x000000070be00000| 29%| S|CS|TAMS 0x000000070bc00000, 0x000000070bc00000| Complete 
|  68|0x000000070be00000, 0x000000070be00000, 0x000000070c000000|  0%| F|  |TAMS 0x000000070be00000, 0x000000070be00000| Untracked 
|  69|0x000000070c000000, 0x000000070c000000, 0x000000070c200000|  0%| F|  |TAMS 0x000000070c000000, 0x000000070c000000| Untracked 
|  70|0x000000070c200000, 0x000000070c200000, 0x000000070c400000|  0%| F|  |TAMS 0x000000070c200000, 0x000000070c200000| Untracked 
|  71|0x000000070c400000, 0x000000070c400000, 0x000000070c600000|  0%| F|  |TAMS 0x000000070c400000, 0x000000070c400000| Untracked 
|  72|0x000000070c600000, 0x000000070c600000, 0x000000070c800000|  0%| F|  |TAMS 0x000000070c600000, 0x000000070c600000| Untracked 
|  73|0x000000070c800000, 0x000000070c800000, 0x000000070ca00000|  0%| F|  |TAMS 0x000000070c800000, 0x000000070c800000| Untracked 
|  74|0x000000070ca00000, 0x000000070ca00000, 0x000000070cc00000|  0%| F|  |TAMS 0x000000070ca00000, 0x000000070ca00000| Untracked 
|  75|0x000000070cc00000, 0x000000070cc00000, 0x000000070ce00000|  0%| F|  |TAMS 0x000000070cc00000, 0x000000070cc00000| Untracked 
|  76|0x000000070ce00000, 0x000000070ce00000, 0x000000070d000000|  0%| F|  |TAMS 0x000000070ce00000, 0x000000070ce00000| Untracked 
|  77|0x000000070d000000, 0x000000070d000000, 0x000000070d200000|  0%| F|  |TAMS 0x000000070d000000, 0x000000070d000000| Untracked 
|  78|0x000000070d200000, 0x000000070d200000, 0x000000070d400000|  0%| F|  |TAMS 0x000000070d200000, 0x000000070d200000| Untracked 
|  79|0x000000070d400000, 0x000000070d400000, 0x000000070d600000|  0%| F|  |TAMS 0x000000070d400000, 0x000000070d400000| Untracked 
|  80|0x000000070d600000, 0x000000070d600000, 0x000000070d800000|  0%| F|  |TAMS 0x000000070d600000, 0x000000070d600000| Untracked 
|  81|0x000000070d800000, 0x000000070d800000, 0x000000070da00000|  0%| F|  |TAMS 0x000000070d800000, 0x000000070d800000| Untracked 
|  82|0x000000070da00000, 0x000000070da00000, 0x000000070dc00000|  0%| F|  |TAMS 0x000000070da00000, 0x000000070da00000| Untracked 
|  83|0x000000070dc00000, 0x000000070dc00000, 0x000000070de00000|  0%| F|  |TAMS 0x000000070dc00000, 0x000000070dc00000| Untracked 
|  84|0x000000070de00000, 0x000000070de00000, 0x000000070e000000|  0%| F|  |TAMS 0x000000070de00000, 0x000000070de00000| Untracked 
|  85|0x000000070e000000, 0x000000070e000000, 0x000000070e200000|  0%| F|  |TAMS 0x000000070e000000, 0x000000070e000000| Untracked 
|  86|0x000000070e200000, 0x000000070e200000, 0x000000070e400000|  0%| F|  |TAMS 0x000000070e200000, 0x000000070e200000| Untracked 
|  87|0x000000070e400000, 0x000000070e400000, 0x000000070e600000|  0%| F|  |TAMS 0x000000070e400000, 0x000000070e400000| Untracked 
|  88|0x000000070e600000, 0x000000070e600000, 0x000000070e800000|  0%| F|  |TAMS 0x000000070e600000, 0x000000070e600000| Untracked 
|  89|0x000000070e800000, 0x000000070e800000, 0x000000070ea00000|  0%| F|  |TAMS 0x000000070e800000, 0x000000070e800000| Untracked 
|  90|0x000000070ea00000, 0x000000070ea00000, 0x000000070ec00000|  0%| F|  |TAMS 0x000000070ea00000, 0x000000070ea00000| Untracked 
|  91|0x000000070ec00000, 0x000000070ec00000, 0x000000070ee00000|  0%| F|  |TAMS 0x000000070ec00000, 0x000000070ec00000| Untracked 
|  92|0x000000070ee00000, 0x000000070ee00000, 0x000000070f000000|  0%| F|  |TAMS 0x000000070ee00000, 0x000000070ee00000| Untracked 
|  93|0x000000070f000000, 0x000000070f000000, 0x000000070f200000|  0%| F|  |TAMS 0x000000070f000000, 0x000000070f000000| Untracked 
|  94|0x000000070f200000, 0x000000070f200000, 0x000000070f400000|  0%| F|  |TAMS 0x000000070f200000, 0x000000070f200000| Untracked 
|  95|0x000000070f400000, 0x000000070f400000, 0x000000070f600000|  0%| F|  |TAMS 0x000000070f400000, 0x000000070f400000| Untracked 
|  96|0x000000070f600000, 0x000000070f600000, 0x000000070f800000|  0%| F|  |TAMS 0x000000070f600000, 0x000000070f600000| Untracked 
|  97|0x000000070f800000, 0x000000070f800000, 0x000000070fa00000|  0%| F|  |TAMS 0x000000070f800000, 0x000000070f800000| Untracked 
|  98|0x000000070fa00000, 0x000000070fa00000, 0x000000070fc00000|  0%| F|  |TAMS 0x000000070fa00000, 0x000000070fa00000| Untracked 
|  99|0x000000070fc00000, 0x000000070fc00000, 0x000000070fe00000|  0%| F|  |TAMS 0x000000070fc00000, 0x000000070fc00000| Untracked 
| 100|0x000000070fe00000, 0x000000070fe00000, 0x0000000710000000|  0%| F|  |TAMS 0x000000070fe00000, 0x000000070fe00000| Untracked 
| 101|0x0000000710000000, 0x0000000710000000, 0x0000000710200000|  0%| F|  |TAMS 0x0000000710000000, 0x0000000710000000| Untracked 
| 102|0x0000000710200000, 0x0000000710200000, 0x0000000710400000|  0%| F|  |TAMS 0x0000000710200000, 0x0000000710200000| Untracked 
| 103|0x0000000710400000, 0x0000000710400000, 0x0000000710600000|  0%| F|  |TAMS 0x0000000710400000, 0x0000000710400000| Untracked 
| 104|0x0000000710600000, 0x0000000710600000, 0x0000000710800000|  0%| F|  |TAMS 0x0000000710600000, 0x0000000710600000| Untracked 
| 105|0x0000000710800000, 0x0000000710800000, 0x0000000710a00000|  0%| F|  |TAMS 0x0000000710800000, 0x0000000710800000| Untracked 
| 106|0x0000000710a00000, 0x0000000710a00000, 0x0000000710c00000|  0%| F|  |TAMS 0x0000000710a00000, 0x0000000710a00000| Untracked 
| 107|0x0000000710c00000, 0x0000000710c00000, 0x0000000710e00000|  0%| F|  |TAMS 0x0000000710c00000, 0x0000000710c00000| Untracked 
| 108|0x0000000710e00000, 0x0000000710e00000, 0x0000000711000000|  0%| F|  |TAMS 0x0000000710e00000, 0x0000000710e00000| Untracked 
| 109|0x0000000711000000, 0x0000000711000000, 0x0000000711200000|  0%| F|  |TAMS 0x0000000711000000, 0x0000000711000000| Untracked 
| 110|0x0000000711200000, 0x0000000711200000, 0x0000000711400000|  0%| F|  |TAMS 0x0000000711200000, 0x0000000711200000| Untracked 
| 111|0x0000000711400000, 0x0000000711400000, 0x0000000711600000|  0%| F|  |TAMS 0x0000000711400000, 0x0000000711400000| Untracked 
| 112|0x0000000711600000, 0x0000000711600000, 0x0000000711800000|  0%| F|  |TAMS 0x0000000711600000, 0x0000000711600000| Untracked 
| 113|0x0000000711800000, 0x0000000711800000, 0x0000000711a00000|  0%| F|  |TAMS 0x0000000711800000, 0x0000000711800000| Untracked 
| 114|0x0000000711a00000, 0x0000000711a00000, 0x0000000711c00000|  0%| F|  |TAMS 0x0000000711a00000, 0x0000000711a00000| Untracked 
| 115|0x0000000711c00000, 0x0000000711c00000, 0x0000000711e00000|  0%| F|  |TAMS 0x0000000711c00000, 0x0000000711c00000| Untracked 
| 116|0x0000000711e00000, 0x0000000711e00000, 0x0000000712000000|  0%| F|  |TAMS 0x0000000711e00000, 0x0000000711e00000| Untracked 
| 117|0x0000000712000000, 0x0000000712000000, 0x0000000712200000|  0%| F|  |TAMS 0x0000000712000000, 0x0000000712000000| Untracked 
| 118|0x0000000712200000, 0x0000000712200000, 0x0000000712400000|  0%| F|  |TAMS 0x0000000712200000, 0x0000000712200000| Untracked 
| 119|0x0000000712400000, 0x0000000712400000, 0x0000000712600000|  0%| F|  |TAMS 0x0000000712400000, 0x0000000712400000| Untracked 
| 120|0x0000000712600000, 0x0000000712600000, 0x0000000712800000|  0%| F|  |TAMS 0x0000000712600000, 0x0000000712600000| Untracked 
| 121|0x0000000712800000, 0x0000000712800000, 0x0000000712a00000|  0%| F|  |TAMS 0x0000000712800000, 0x0000000712800000| Untracked 
| 122|0x0000000712a00000, 0x0000000712a00000, 0x0000000712c00000|  0%| F|  |TAMS 0x0000000712a00000, 0x0000000712a00000| Untracked 
| 123|0x0000000712c00000, 0x0000000712c00000, 0x0000000712e00000|  0%| F|  |TAMS 0x0000000712c00000, 0x0000000712c00000| Untracked 
| 124|0x0000000712e00000, 0x0000000712e00000, 0x0000000713000000|  0%| F|  |TAMS 0x0000000712e00000, 0x0000000712e00000| Untracked 
| 125|0x0000000713000000, 0x0000000713000000, 0x0000000713200000|  0%| F|  |TAMS 0x0000000713000000, 0x0000000713000000| Untracked 
| 126|0x0000000713200000, 0x0000000713200000, 0x0000000713400000|  0%| F|  |TAMS 0x0000000713200000, 0x0000000713200000| Untracked 
| 127|0x0000000713400000, 0x0000000713400000, 0x0000000713600000|  0%| F|  |TAMS 0x0000000713400000, 0x0000000713400000| Untracked 
| 128|0x0000000713600000, 0x0000000713600000, 0x0000000713800000|  0%| F|  |TAMS 0x0000000713600000, 0x0000000713600000| Untracked 
| 129|0x0000000713800000, 0x0000000713800000, 0x0000000713a00000|  0%| F|  |TAMS 0x0000000713800000, 0x0000000713800000| Untracked 
| 130|0x0000000713a00000, 0x0000000713a00000, 0x0000000713c00000|  0%| F|  |TAMS 0x0000000713a00000, 0x0000000713a00000| Untracked 
| 131|0x0000000713c00000, 0x0000000713c00000, 0x0000000713e00000|  0%| F|  |TAMS 0x0000000713c00000, 0x0000000713c00000| Untracked 
| 132|0x0000000713e00000, 0x0000000713e00000, 0x0000000714000000|  0%| F|  |TAMS 0x0000000713e00000, 0x0000000713e00000| Untracked 
| 133|0x0000000714000000, 0x0000000714000000, 0x0000000714200000|  0%| F|  |TAMS 0x0000000714000000, 0x0000000714000000| Untracked 
| 134|0x0000000714200000, 0x0000000714200000, 0x0000000714400000|  0%| F|  |TAMS 0x0000000714200000, 0x0000000714200000| Untracked 
| 135|0x0000000714400000, 0x0000000714400000, 0x0000000714600000|  0%| F|  |TAMS 0x0000000714400000, 0x0000000714400000| Untracked 
| 136|0x0000000714600000, 0x0000000714600000, 0x0000000714800000|  0%| F|  |TAMS 0x0000000714600000, 0x0000000714600000| Untracked 
| 137|0x0000000714800000, 0x0000000714800000, 0x0000000714a00000|  0%| F|  |TAMS 0x0000000714800000, 0x0000000714800000| Untracked 
| 138|0x0000000714a00000, 0x0000000714a00000, 0x0000000714c00000|  0%| F|  |TAMS 0x0000000714a00000, 0x0000000714a00000| Untracked 
| 139|0x0000000714c00000, 0x0000000714c00000, 0x0000000714e00000|  0%| F|  |TAMS 0x0000000714c00000, 0x0000000714c00000| Untracked 
| 140|0x0000000714e00000, 0x0000000714e00000, 0x0000000715000000|  0%| F|  |TAMS 0x0000000714e00000, 0x0000000714e00000| Untracked 
| 141|0x0000000715000000, 0x0000000715000000, 0x0000000715200000|  0%| F|  |TAMS 0x0000000715000000, 0x0000000715000000| Untracked 
| 142|0x0000000715200000, 0x0000000715200000, 0x0000000715400000|  0%| F|  |TAMS 0x0000000715200000, 0x0000000715200000| Untracked 
| 143|0x0000000715400000, 0x0000000715400000, 0x0000000715600000|  0%| F|  |TAMS 0x0000000715400000, 0x0000000715400000| Untracked 
| 144|0x0000000715600000, 0x0000000715600000, 0x0000000715800000|  0%| F|  |TAMS 0x0000000715600000, 0x0000000715600000| Untracked 
| 145|0x0000000715800000, 0x0000000715800000, 0x0000000715a00000|  0%| F|  |TAMS 0x0000000715800000, 0x0000000715800000| Untracked 
| 146|0x0000000715a00000, 0x0000000715a00000, 0x0000000715c00000|  0%| F|  |TAMS 0x0000000715a00000, 0x0000000715a00000| Untracked 
| 147|0x0000000715c00000, 0x0000000715c00000, 0x0000000715e00000|  0%| F|  |TAMS 0x0000000715c00000, 0x0000000715c00000| Untracked 
| 148|0x0000000715e00000, 0x0000000715e00000, 0x0000000716000000|  0%| F|  |TAMS 0x0000000715e00000, 0x0000000715e00000| Untracked 
| 149|0x0000000716000000, 0x0000000716000000, 0x0000000716200000|  0%| F|  |TAMS 0x0000000716000000, 0x0000000716000000| Untracked 
| 150|0x0000000716200000, 0x0000000716200000, 0x0000000716400000|  0%| F|  |TAMS 0x0000000716200000, 0x0000000716200000| Untracked 
| 151|0x0000000716400000, 0x0000000716400000, 0x0000000716600000|  0%| F|  |TAMS 0x0000000716400000, 0x0000000716400000| Untracked 
| 152|0x0000000716600000, 0x0000000716600000, 0x0000000716800000|  0%| F|  |TAMS 0x0000000716600000, 0x0000000716600000| Untracked 
| 153|0x0000000716800000, 0x0000000716800000, 0x0000000716a00000|  0%| F|  |TAMS 0x0000000716800000, 0x0000000716800000| Untracked 
| 154|0x0000000716a00000, 0x0000000716a00000, 0x0000000716c00000|  0%| F|  |TAMS 0x0000000716a00000, 0x0000000716a00000| Untracked 
| 155|0x0000000716c00000, 0x0000000716c00000, 0x0000000716e00000|  0%| F|  |TAMS 0x0000000716c00000, 0x0000000716c00000| Untracked 
| 156|0x0000000716e00000, 0x0000000716e00000, 0x0000000717000000|  0%| F|  |TAMS 0x0000000716e00000, 0x0000000716e00000| Untracked 
| 157|0x0000000717000000, 0x0000000717000000, 0x0000000717200000|  0%| F|  |TAMS 0x0000000717000000, 0x0000000717000000| Untracked 
| 158|0x0000000717200000, 0x0000000717200000, 0x0000000717400000|  0%| F|  |TAMS 0x0000000717200000, 0x0000000717200000| Untracked 
| 159|0x0000000717400000, 0x0000000717400000, 0x0000000717600000|  0%| F|  |TAMS 0x0000000717400000, 0x0000000717400000| Untracked 
| 160|0x0000000717600000, 0x0000000717600000, 0x0000000717800000|  0%| F|  |TAMS 0x0000000717600000, 0x0000000717600000| Untracked 
| 161|0x0000000717800000, 0x0000000717800000, 0x0000000717a00000|  0%| F|  |TAMS 0x0000000717800000, 0x0000000717800000| Untracked 
| 162|0x0000000717a00000, 0x0000000717a00000, 0x0000000717c00000|  0%| F|  |TAMS 0x0000000717a00000, 0x0000000717a00000| Untracked 
| 163|0x0000000717c00000, 0x0000000717c00000, 0x0000000717e00000|  0%| F|  |TAMS 0x0000000717c00000, 0x0000000717c00000| Untracked 
| 164|0x0000000717e00000, 0x0000000717e00000, 0x0000000718000000|  0%| F|  |TAMS 0x0000000717e00000, 0x0000000717e00000| Untracked 
| 165|0x0000000718000000, 0x0000000718000000, 0x0000000718200000|  0%| F|  |TAMS 0x0000000718000000, 0x0000000718000000| Untracked 
| 166|0x0000000718200000, 0x0000000718200000, 0x0000000718400000|  0%| F|  |TAMS 0x0000000718200000, 0x0000000718200000| Untracked 
| 167|0x0000000718400000, 0x0000000718400000, 0x0000000718600000|  0%| F|  |TAMS 0x0000000718400000, 0x0000000718400000| Untracked 
| 168|0x0000000718600000, 0x0000000718600000, 0x0000000718800000|  0%| F|  |TAMS 0x0000000718600000, 0x0000000718600000| Untracked 
| 169|0x0000000718800000, 0x0000000718800000, 0x0000000718a00000|  0%| F|  |TAMS 0x0000000718800000, 0x0000000718800000| Untracked 

Card table byte_map: [0x000001902f3d0000,0x000001902fbc0000] _byte_map_base: 0x000001902bbb5000

Marking Bits (Prev, Next): (CMBitMap*) 0x000001901bf2b3e0, (CMBitMap*) 0x000001901bf2b3a0
 Prev Bits: [0x00000190342e0000, 0x0000019038208000)
 Next Bits: [0x00000190303b0000, 0x00000190342d8000)

Polling page: 0x000001901b670000

Metaspace:

Usage:
  Non-class:     27.05 MB used.
      Class:      3.73 MB used.
       Both:     30.78 MB used.

Virtual space:
  Non-class space:       64.00 MB reserved,      27.19 MB ( 42%) committed,  1 nodes.
      Class space:        1.00 GB reserved,       3.81 MB ( <1%) committed,  1 nodes.
             Both:        1.06 GB reserved,      31.00 MB (  3%) committed. 

Chunk freelists:
   Non-Class:  4.57 MB
       Class:  12.13 MB
        Both:  16.70 MB

MaxMetaspaceSize: unlimited
CompressedClassSpaceSize: 1.00 GB
Initial GC threshold: 21.00 MB
Current GC threshold: 51.50 MB
CDS: off
MetaspaceReclaimPolicy: balanced
 - commit_granule_bytes: 65536.
 - commit_granule_words: 8192.
 - virtual_space_node_default_size: 8388608.
 - enlarge_chunks_in_place: 1.
 - new_chunks_are_fully_committed: 0.
 - uncommit_free_chunks: 1.
 - use_allocation_guard: 0.
 - handle_deallocations: 1.


Internal statistics:

num_allocs_failed_limit: 3.
num_arena_births: 210.
num_arena_deaths: 0.
num_vsnodes_births: 2.
num_vsnodes_deaths: 0.
num_space_committed: 496.
num_space_uncommitted: 0.
num_chunks_returned_to_freelist: 3.
num_chunks_taken_from_freelist: 791.
num_chunk_merges: 3.
num_chunk_splits: 526.
num_chunks_enlarged: 372.
num_inconsistent_stats: 0.

CodeHeap 'non-profiled nmethods': size=120000Kb used=1118Kb max_used=1118Kb free=118881Kb
 bounds [0x0000019027160000, 0x00000190273d0000, 0x000001902e690000]
CodeHeap 'profiled nmethods': size=120000Kb used=5298Kb max_used=5298Kb free=114701Kb
 bounds [0x000001901f690000, 0x000001901fbc0000, 0x0000019026bc0000]
CodeHeap 'non-nmethods': size=5760Kb used=1399Kb max_used=1419Kb free=4360Kb
 bounds [0x0000019026bc0000, 0x0000019026e30000, 0x0000019027160000]
 total_blobs=3438 nmethods=2702 adapters=648
 compilation: enabled
              stopped_count=0, restarted_count=0
 full_count=0

Compilation events (20 events):
Event: 4.410 Thread 0x000001903f0c7e40 2692   !   3       sun.nio.ch.FileChannelImpl::read (106 bytes)
Event: 4.411 Thread 0x000001903f0c7e40 nmethod 2692 0x000001901fbb7c90 code [0x000001901fbb7ee0, 0x000001901fbb8818]
Event: 4.423 Thread 0x000001903f0c7e40 2693       3       java.nio.channels.spi.AbstractInterruptibleChannel::begin (48 bytes)
Event: 4.423 Thread 0x000001903f0c7e40 nmethod 2693 0x000001901fbb8b10 code [0x000001901fbb8d00, 0x000001901fbb9358]
Event: 4.423 Thread 0x000001903f0c7e40 2694       3       java.nio.channels.spi.AbstractInterruptibleChannel::end (53 bytes)
Event: 4.423 Thread 0x000001903f0c7e40 nmethod 2694 0x000001901fbb9610 code [0x000001901fbb9800, 0x000001901fbb9d28]
Event: 4.423 Thread 0x000001903f0c7e40 2695       3       sun.nio.ch.IOStatus::normalize (10 bytes)
Event: 4.423 Thread 0x000001903f0c7e40 nmethod 2695 0x000001901fbb9f10 code [0x000001901fbba0a0, 0x000001901fbba1f8]
Event: 4.424 Thread 0x000001903f0c7e40 2696       3       sun.nio.ch.FileDispatcherImpl::pread (10 bytes)
Event: 4.424 Thread 0x000001903f0c7e40 nmethod 2696 0x000001901fbba290 code [0x000001901fbba420, 0x000001901fbba568]
Event: 4.424 Thread 0x000001903f0c7e40 2698   !   3       sun.nio.ch.FileChannelImpl::readInternal (253 bytes)
Event: 4.425 Thread 0x000001903f0c7e40 nmethod 2698 0x000001901fbba610 code [0x000001901fbba8a0, 0x000001901fbbb408]
Event: 4.429 Thread 0x00000190464ef890 2699       4       java.lang.AbstractStringBuilder::append (55 bytes)
Event: 4.436 Thread 0x00000190464ef890 nmethod 2699 0x0000019027276710 code [0x00000190272768c0, 0x0000019027277378]
Event: 4.466 Thread 0x000001903f0c7e40 2700       3       javafx.beans.property.ObjectPropertyBase::<init> (25 bytes)
Event: 4.467 Thread 0x000001903f0c7e40 nmethod 2700 0x000001901fbbb910 code [0x000001901fbbbac0, 0x000001901fbbbdd8]
Event: 4.467 Thread 0x000001903f0c7e40 2701       3       com.sun.javafx.collections.SourceAdapterChange::<init> (11 bytes)
Event: 4.467 Thread 0x000001903f0c7e40 nmethod 2701 0x000001901fbbbf10 code [0x000001901fbbc0c0, 0x000001901fbbc358]
Event: 4.467 Thread 0x000001903f0c7e40 2702       3       java.nio.CharBuffer::position (6 bytes)
Event: 4.467 Thread 0x000001903f0c7e40 nmethod 2702 0x000001901fbbc490 code [0x000001901fbbc640, 0x000001901fbbc7e8]

GC Heap History (20 events):
Event: 3.812 GC heap after
{Heap after GC invocations=4 (full 0):
 garbage-first heap   total 86016K, used 51665K [0x0000000703600000, 0x0000000800000000)
  region size 2048K, 2 young (4096K), 2 survivors (4096K)
 Metaspace       used 30468K, committed 30784K, reserved 1114112K
  class space    used 3679K, committed 3840K, reserved 1048576K
}
Event: 4.283 GC heap before
{Heap before GC invocations=4 (full 0):
 garbage-first heap   total 110592K, used 86481K [0x0000000703600000, 0x0000000800000000)
  region size 2048K, 3 young (6144K), 2 survivors (4096K)
 Metaspace       used 31146K, committed 31360K, reserved 1114112K
  class space    used 3779K, committed 3904K, reserved 1048576K
}
Event: 4.286 GC heap after
{Heap after GC invocations=5 (full 0):
 garbage-first heap   total 110592K, used 76966K [0x0000000703600000, 0x0000000800000000)
  region size 2048K, 1 young (2048K), 1 survivors (2048K)
 Metaspace       used 31146K, committed 31360K, reserved 1114112K
  class space    used 3779K, committed 3904K, reserved 1048576K
}
Event: 4.359 GC heap before
{Heap before GC invocations=5 (full 0):
 garbage-first heap   total 110592K, used 87206K [0x0000000703600000, 0x0000000800000000)
  region size 2048K, 6 young (12288K), 1 survivors (2048K)
 Metaspace       used 31360K, committed 31616K, reserved 1114112K
  class space    used 3813K, committed 3904K, reserved 1048576K
}
Event: 4.360 GC heap after
{Heap after GC invocations=6 (full 0):
 garbage-first heap   total 110592K, used 76598K [0x0000000703600000, 0x0000000800000000)
  region size 2048K, 1 young (2048K), 1 survivors (2048K)
 Metaspace       used 31360K, committed 31616K, reserved 1114112K
  class space    used 3813K, committed 3904K, reserved 1048576K
}
Event: 4.379 GC heap before
{Heap before GC invocations=7 (full 0):
 garbage-first heap   total 141312K, used 88886K [0x0000000703600000, 0x0000000800000000)
  region size 2048K, 7 young (14336K), 1 survivors (2048K)
 Metaspace       used 31388K, committed 31616K, reserved 1114112K
  class space    used 3813K, committed 3904K, reserved 1048576K
}
Event: 4.380 GC heap after
{Heap after GC invocations=8 (full 0):
 garbage-first heap   total 141312K, used 76560K [0x0000000703600000, 0x0000000800000000)
  region size 2048K, 1 young (2048K), 1 survivors (2048K)
 Metaspace       used 31388K, committed 31616K, reserved 1114112K
  class space    used 3813K, committed 3904K, reserved 1048576K
}
Event: 4.393 GC heap before
{Heap before GC invocations=8 (full 0):
 garbage-first heap   total 141312K, used 111376K [0x0000000703600000, 0x0000000800000000)
  region size 2048K, 18 young (36864K), 1 survivors (2048K)
 Metaspace       used 31496K, committed 31680K, reserved 1114112K
  class space    used 3816K, committed 3904K, reserved 1048576K
}
Event: 4.394 GC heap after
{Heap after GC invocations=9 (full 0):
 garbage-first heap   total 141312K, used 76742K [0x0000000703600000, 0x0000000800000000)
  region size 2048K, 1 young (2048K), 1 survivors (2048K)
 Metaspace       used 31496K, committed 31680K, reserved 1114112K
  class space    used 3816K, committed 3904K, reserved 1048576K
}
Event: 4.406 GC heap before
{Heap before GC invocations=10 (full 0):
 garbage-first heap   total 174080K, used 115654K [0x0000000703600000, 0x0000000800000000)
  region size 2048K, 20 young (40960K), 1 survivors (2048K)
 Metaspace       used 31496K, committed 31680K, reserved 1114112K
  class space    used 3816K, committed 3904K, reserved 1048576K
}
Event: 4.407 GC heap after
{Heap after GC invocations=11 (full 0):
 garbage-first heap   total 174080K, used 76689K [0x0000000703600000, 0x0000000800000000)
  region size 2048K, 1 young (2048K), 1 survivors (2048K)
 Metaspace       used 31496K, committed 31680K, reserved 1114112K
  class space    used 3816K, committed 3904K, reserved 1048576K
}
Event: 4.414 GC heap before
{Heap before GC invocations=11 (full 0):
 garbage-first heap   total 174080K, used 142225K [0x0000000703600000, 0x0000000800000000)
  region size 2048K, 33 young (67584K), 1 survivors (2048K)
 Metaspace       used 31514K, committed 31744K, reserved 1114112K
  class space    used 3816K, committed 3904K, reserved 1048576K
}
Event: 4.417 GC heap after
{Heap after GC invocations=12 (full 0):
 garbage-first heap   total 348160K, used 76718K [0x0000000703600000, 0x0000000800000000)
  region size 2048K, 1 young (2048K), 1 survivors (2048K)
 Metaspace       used 31514K, committed 31744K, reserved 1114112K
  class space    used 3816K, committed 3904K, reserved 1048576K
}
Event: 4.432 GC heap before
{Heap before GC invocations=12 (full 0):
 garbage-first heap   total 348160K, used 283566K [0x0000000703600000, 0x0000000800000000)
  region size 2048K, 102 young (208896K), 1 survivors (2048K)
 Metaspace       used 31516K, committed 31744K, reserved 1114112K
  class space    used 3816K, committed 3904K, reserved 1048576K
}
Event: 4.433 GC heap after
{Heap after GC invocations=13 (full 0):
 garbage-first heap   total 348160K, used 76710K [0x0000000703600000, 0x0000000800000000)
  region size 2048K, 1 young (2048K), 1 survivors (2048K)
 Metaspace       used 31516K, committed 31744K, reserved 1114112K
  class space    used 3816K, committed 3904K, reserved 1048576K
}
Event: 4.445 GC heap before
{Heap before GC invocations=13 (full 0):
 garbage-first heap   total 348160K, used 283558K [0x0000000703600000, 0x0000000800000000)
  region size 2048K, 102 young (208896K), 1 survivors (2048K)
 Metaspace       used 31516K, committed 31744K, reserved 1114112K
  class space    used 3816K, committed 3904K, reserved 1048576K
}
Event: 4.446 GC heap after
{Heap after GC invocations=14 (full 0):
 garbage-first heap   total 348160K, used 76710K [0x0000000703600000, 0x0000000800000000)
  region size 2048K, 1 young (2048K), 1 survivors (2048K)
 Metaspace       used 31516K, committed 31744K, reserved 1114112K
  class space    used 3816K, committed 3904K, reserved 1048576K
}
Event: 4.458 GC heap before
{Heap before GC invocations=14 (full 0):
 garbage-first heap   total 348160K, used 283558K [0x0000000703600000, 0x0000000800000000)
  region size 2048K, 102 young (208896K), 1 survivors (2048K)
 Metaspace       used 31516K, committed 31744K, reserved 1114112K
  class space    used 3816K, committed 3904K, reserved 1048576K
}
Event: 4.459 GC heap after
{Heap after GC invocations=15 (full 0):
 garbage-first heap   total 348160K, used 76689K [0x0000000703600000, 0x0000000800000000)
  region size 2048K, 1 young (2048K), 1 survivors (2048K)
 Metaspace       used 31516K, committed 31744K, reserved 1114112K
  class space    used 3816K, committed 3904K, reserved 1048576K
}
Event: 4.474 GC heap before
{Heap before GC invocations=15 (full 0):
 garbage-first heap   total 348160K, used 283537K [0x0000000703600000, 0x0000000800000000)
  region size 2048K, 102 young (208896K), 1 survivors (2048K)
 Metaspace       used 31517K, committed 31744K, reserved 1114112K
  class space    used 3816K, committed 3904K, reserved 1048576K
}

Dll operation events (2 events):
Event: 0.006 Loaded shared library C:\Users\GIGABYTE\.jdks\jbr-17.0.12\bin\java.dll
Event: 0.171 Loaded shared library C:\Users\GIGABYTE\.jdks\jbr-17.0.12\bin\jsvml.dll

Deoptimization events (20 events):
Event: 4.271 Thread 0x00000190418d7820 DEOPT PACKING pc=0x000001902716bf48 sp=0x0000002fa76fd570
Event: 4.271 Thread 0x00000190418d7820 DEOPT UNPACKING pc=0x0000019026c1a1a3 sp=0x0000002fa76fd510 mode 2
Event: 4.283 Thread 0x00000190418d7820 Uncommon trap: trap_request=0xffffff45 fr.pc=0x0000019027226f30 relative=0x0000000000000c10
Event: 4.283 Thread 0x00000190418d7820 Uncommon trap: reason=unstable_if action=reinterpret pc=0x0000019027226f30 method=java.util.HashMap.putVal(ILjava/lang/Object;Ljava/lang/Object;ZZ)Ljava/lang/Object; @ 109 c2
Event: 4.283 Thread 0x00000190418d7820 DEOPT PACKING pc=0x0000019027226f30 sp=0x0000002fa76fdda0
Event: 4.283 Thread 0x00000190418d7820 DEOPT UNPACKING pc=0x0000019026c1a1a3 sp=0x0000002fa76fdd48 mode 2
Event: 4.283 Thread 0x00000190418d7820 Uncommon trap: trap_request=0xffffff45 fr.pc=0x0000019027182f88 relative=0x00000000000009a8
Event: 4.283 Thread 0x00000190418d7820 Uncommon trap: reason=unstable_if action=reinterpret pc=0x0000019027182f88 method=java.util.HashMap.resize()[Ljava/util/HashMap$Node; @ 203 c2
Event: 4.283 Thread 0x00000190418d7820 DEOPT PACKING pc=0x0000019027182f88 sp=0x0000002fa76fdcd0
Event: 4.283 Thread 0x00000190418d7820 DEOPT UNPACKING pc=0x0000019026c1a1a3 sp=0x0000002fa76fdc68 mode 2
Event: 4.286 Thread 0x00000190418d7820 Uncommon trap: trap_request=0xffffff45 fr.pc=0x000001902725bb34 relative=0x0000000000000294
Event: 4.286 Thread 0x00000190418d7820 Uncommon trap: reason=unstable_if action=reinterpret pc=0x000001902725bb34 method=java.util.HashMap.getNode(Ljava/lang/Object;)Ljava/util/HashMap$Node; @ 85 c2
Event: 4.286 Thread 0x00000190418d7820 DEOPT PACKING pc=0x000001902725bb34 sp=0x0000002fa76fe930
Event: 4.286 Thread 0x00000190418d7820 DEOPT UNPACKING pc=0x0000019026c1a1a3 sp=0x0000002fa76fe840 mode 2
Event: 4.295 Thread 0x00000190418d7820 Uncommon trap: trap_request=0xffffff45 fr.pc=0x000001902724579c relative=0x000000000000027c
Event: 4.295 Thread 0x00000190418d7820 Uncommon trap: reason=unstable_if action=reinterpret pc=0x000001902724579c method=java.util.HashMap.getNode(Ljava/lang/Object;)Ljava/util/HashMap$Node; @ 85 c2
Event: 4.295 Thread 0x00000190418d7820 DEOPT PACKING pc=0x000001902724579c sp=0x0000002fa76fe760
Event: 4.295 Thread 0x00000190418d7820 DEOPT UNPACKING pc=0x0000019026c1a1a3 sp=0x0000002fa76fe6f0 mode 2
Event: 4.370 Thread 0x000001903fd076b0 DEOPT PACKING pc=0x000001901fb25c1b sp=0x0000002fa7bfd7d0
Event: 4.370 Thread 0x000001903fd076b0 DEOPT UNPACKING pc=0x0000019026c1ace3 sp=0x0000002fa7bfcc60 mode 0

Classes unloaded (0 events):
No events

Classes redefined (0 events):
No events

Internal exceptions (20 events):
Event: 0.769 Thread 0x000001903fd076b0 Exception <a 'java/lang/NoSuchMethodError'{0x0000000712f7b2b0}: 'java.lang.Object java.lang.invoke.DirectMethodHandle$Holder.invokeVirtual(java.lang.Object, java.lang.Object, java.lang.Object)'> (0x0000000712f7b2b0) 
thrown [s\src\hotspot\share\interpreter\linkResolver.cpp, line 771]
Event: 0.910 Thread 0x000001903fd076b0 Exception <a 'java/lang/NoSuchMethodError'{0x0000000712485560}: 'java.lang.Object java.lang.invoke.DirectMethodHandle$Holder.invokeStaticInit(java.lang.Object, java.lang.Object, java.lang.Object, java.lang.Object)'> (0x0000000712485560) 
thrown [s\src\hotspot\share\interpreter\linkResolver.cpp, line 771]
Event: 0.911 Thread 0x000001903fd076b0 Exception <a 'java/lang/NullPointerException'{0x0000000712495770}> (0x0000000712495770) 
thrown [s\src\hotspot\share\interpreter\linkResolver.cpp, line 1362]
Event: 1.026 Thread 0x000001903fd076b0 Exception <a 'java/lang/ClassNotFoundException'{0x0000000712135c00}: com/sun/glass/ui/win/themes> (0x0000000712135c00) 
thrown [s\src\hotspot\share\prims\jni.cpp, line 536]
Event: 1.027 Thread 0x000001903fd076b0 Exception <a 'java/lang/ClassNotFoundException'{0x0000000712143440}: com/sun/glass/ui/win/themes_fr> (0x0000000712143440) 
thrown [s\src\hotspot\share\prims\jni.cpp, line 536]
Event: 1.027 Thread 0x000001903fd076b0 Exception <a 'java/lang/ClassNotFoundException'{0x000000071214b508}: com/sun/glass/ui/win/themes_fr_FR> (0x000000071214b508) 
thrown [s\src\hotspot\share\prims\jni.cpp, line 536]
Event: 1.076 Thread 0x000001903fd076b0 Exception <a 'java/lang/NoSuchMethodError'{0x000000071166ead0}: 'void java.lang.invoke.DirectMethodHandle$Holder.invokeStaticInit(java.lang.Object, java.lang.Object)'> (0x000000071166ead0) 
thrown [s\src\hotspot\share\interpreter\linkResolver.cpp, line 771]
Event: 1.083 Thread 0x000001903fd076b0 Exception <a 'java/lang/NoSuchMethodError'{0x00000007116f46d8}: 'void java.lang.invoke.DirectMethodHandle$Holder.invokeSpecial(java.lang.Object, java.lang.Object, java.lang.Object, java.lang.Object, java.lang.Object)'> (0x00000007116f46d8) 
thrown [s\src\hotspot\share\interpreter\linkResolver.cpp, line 771]
Event: 1.185 Thread 0x000001903fd076b0 Implicit null exception at 0x00000190271ef7f2 to 0x00000190271efe64
Event: 1.215 Thread 0x000001903fd076b0 Exception <a 'java/lang/NoSuchMethodError'{0x00000007066f5740}: 'java.lang.Object java.lang.invoke.DirectMethodHandle$Holder.newInvokeSpecial(java.lang.Object, java.lang.Object, int)'> (0x00000007066f5740) 
thrown [s\src\hotspot\share\interpreter\linkResolver.cpp, line 771]
Event: 1.251 Thread 0x000001903fd076b0 Implicit null exception at 0x00000190271e120d to 0x00000190271e176c
Event: 1.251 Thread 0x000001903fd076b0 Implicit null exception at 0x00000190271d300b to 0x00000190271d3534
Event: 1.311 Thread 0x000001903fd076b0 Exception <a 'sun/nio/fs/WindowsException'{0x0000000706025e58}> (0x0000000706025e58) 
thrown [s\src\hotspot\share\prims\jni.cpp, line 517]
Event: 1.317 Thread 0x000001903fd076b0 Exception <a 'java/lang/NoSuchMethodError'{0x0000000706049530}: 'int java.lang.invoke.DirectMethodHandle$Holder.invokeStaticInit(java.lang.Object, java.lang.Object, java.lang.Object, java.lang.Object)'> (0x0000000706049530) 
thrown [s\src\hotspot\share\interpreter\linkResolver.cpp, line 771]
Event: 1.317 Thread 0x000001903fd076b0 Exception <a 'java/lang/IncompatibleClassChangeError'{0x0000000706052900}: Found class java.lang.Object, but interface was expected> (0x0000000706052900) 
thrown [s\src\hotspot\share\interpreter\linkResolver.cpp, line 838]
Event: 1.318 Thread 0x000001903fd076b0 Exception <a 'java/lang/NoSuchMethodError'{0x0000000706058050}: 'int java.lang.invoke.DirectMethodHandle$Holder.invokeStaticInit(java.lang.Object, java.lang.Object)'> (0x0000000706058050) 
thrown [s\src\hotspot\share\interpreter\linkResolver.cpp, line 771]
Event: 1.371 Thread 0x000001903fd076b0 Exception <a 'java/lang/NoSuchMethodError'{0x0000000705d02698}: 'java.lang.Object java.lang.invoke.DirectMethodHandle$Holder.invokeStaticInit(java.lang.Object, int, int, int, int)'> (0x0000000705d02698) 
thrown [s\src\hotspot\share\interpreter\linkResolver.cpp, line 771]
Event: 1.415 Thread 0x000001903fd076b0 Exception <a 'java/lang/NoSuchMethodError'{0x0000000705de4b58}: 'java.lang.Object java.lang.invoke.DirectMethodHandle$Holder.invokeStaticInit(java.lang.Object, java.lang.Object, int, int, int, int)'> (0x0000000705de4b58) 
thrown [s\src\hotspot\share\interpreter\linkResolver.cpp, line 771]
Event: 2.855 Thread 0x000001903fd076b0 Implicit null exception at 0x0000019027232311 to 0x00000190272325a3
Event: 4.275 Thread 0x00000190418d7820 Exception <a 'java/lang/NullPointerException'{0x00000007133928b0}> (0x00000007133928b0) 
thrown [s\src\hotspot\share\interpreter\linkResolver.cpp, line 1447]

VM Operations (20 events):
Event: 4.368 Executing VM operation: G1PauseCleanup done
Event: 4.379 Executing VM operation: G1CollectForAllocation
Event: 4.380 Executing VM operation: G1CollectForAllocation done
Event: 4.393 Executing VM operation: G1CollectForAllocation
Event: 4.394 Executing VM operation: G1CollectForAllocation done
Event: 4.400 Executing VM operation: G1PauseRemark
Event: 4.401 Executing VM operation: G1PauseRemark done
Event: 4.403 Executing VM operation: G1PauseCleanup
Event: 4.404 Executing VM operation: G1PauseCleanup done
Event: 4.406 Executing VM operation: G1CollectForAllocation
Event: 4.407 Executing VM operation: G1CollectForAllocation done
Event: 4.414 Executing VM operation: G1CollectForAllocation
Event: 4.417 Executing VM operation: G1CollectForAllocation done
Event: 4.432 Executing VM operation: G1CollectForAllocation
Event: 4.433 Executing VM operation: G1CollectForAllocation done
Event: 4.445 Executing VM operation: G1CollectForAllocation
Event: 4.446 Executing VM operation: G1CollectForAllocation done
Event: 4.458 Executing VM operation: G1CollectForAllocation
Event: 4.459 Executing VM operation: G1CollectForAllocation done
Event: 4.474 Executing VM operation: G1CollectForAllocation

Events (20 events):
Event: 4.474 Thread 0x00000190418d4fa0 Thread exited: 0x00000190418d4fa0
Event: 4.474 Thread 0x00000190418d68f0 Thread added: 0x00000190418d68f0
Event: 4.474 Thread 0x00000190418d68f0 Thread exited: 0x00000190418d68f0
Event: 4.474 Thread 0x00000190418d4fa0 Thread added: 0x00000190418d4fa0
Event: 4.474 Thread 0x00000190418d4fa0 Thread exited: 0x00000190418d4fa0
Event: 4.474 Thread 0x00000190418d7310 Thread added: 0x00000190418d7310
Event: 4.474 Thread 0x00000190418d7310 Thread exited: 0x00000190418d7310
Event: 4.474 Thread 0x00000190418d6e00 Thread added: 0x00000190418d6e00
Event: 4.474 Thread 0x00000190418d6e00 Thread exited: 0x00000190418d6e00
Event: 4.474 Thread 0x00000190418d4fa0 Thread added: 0x00000190418d4fa0
Event: 4.474 Thread 0x00000190418d4fa0 Thread exited: 0x00000190418d4fa0
Event: 4.474 Thread 0x00000190418d4fa0 Thread added: 0x00000190418d4fa0
Event: 4.474 Thread 0x00000190418d4fa0 Thread exited: 0x00000190418d4fa0
Event: 4.474 Thread 0x00000190418d4fa0 Thread added: 0x00000190418d4fa0
Event: 4.474 Thread 0x00000190418d4fa0 Thread exited: 0x00000190418d4fa0
Event: 4.474 Thread 0x00000190418d54b0 Thread added: 0x00000190418d54b0
Event: 4.474 Thread 0x00000190418d54b0 Thread exited: 0x00000190418d54b0
Event: 4.474 Thread 0x00000190418d68f0 Thread added: 0x00000190418d68f0
Event: 4.474 Thread 0x00000190418d68f0 Thread exited: 0x00000190418d68f0
Event: 4.474 Thread 0x00000190418d4fa0 Thread added: 0x00000190418d4fa0


Dynamic libraries:
0x00007ff77d460000 - 0x00007ff77d46a000 	C:\Users\GIGABYTE\.jdks\jbr-17.0.12\bin\java.exe
0x00007ffe02b10000 - 0x00007ffe02d27000 	C:\WINDOWS\SYSTEM32\ntdll.dll
0x00007ffe00800000 - 0x00007ffe008c4000 	C:\WINDOWS\System32\KERNEL32.DLL
0x00007ffe001c0000 - 0x00007ffe00590000 	C:\WINDOWS\System32\KERNELBASE.dll
0x00007ffe00590000 - 0x00007ffe006a1000 	C:\WINDOWS\System32\ucrtbase.dll
0x00007ffdd1270000 - 0x00007ffdd1287000 	C:\Users\GIGABYTE\.jdks\jbr-17.0.12\bin\jli.dll
0x00007ffdd27b0000 - 0x00007ffdd27cb000 	C:\Users\GIGABYTE\.jdks\jbr-17.0.12\bin\VCRUNTIME140.dll
0x00007ffe00980000 - 0x00007ffe00b2e000 	C:\WINDOWS\System32\USER32.dll
0x00007ffe006b0000 - 0x00007ffe006d6000 	C:\WINDOWS\System32\win32u.dll
0x00007ffdedd30000 - 0x00007ffdedfc2000 	C:\WINDOWS\WinSxS\amd64_microsoft.windows.common-controls_6595b64144ccf1df_6.0.22621.4830_none_270fe7d773858e80\COMCTL32.dll
0x00007ffe02770000 - 0x00007ffe02799000 	C:\WINDOWS\System32\GDI32.dll
0x00007ffe01fe0000 - 0x00007ffe02087000 	C:\WINDOWS\System32\msvcrt.dll
0x00007ffdffe70000 - 0x00007ffdfff8b000 	C:\WINDOWS\System32\gdi32full.dll
0x00007ffe00760000 - 0x00007ffe007fa000 	C:\WINDOWS\System32\msvcp_win.dll
0x00007ffe025f0000 - 0x00007ffe02621000 	C:\WINDOWS\System32\IMM32.DLL
0x00007ffdd89d0000 - 0x00007ffdd89dc000 	C:\Users\GIGABYTE\.jdks\jbr-17.0.12\bin\vcruntime140_1.dll
0x00007ffdb10f0000 - 0x00007ffdb117d000 	C:\Users\GIGABYTE\.jdks\jbr-17.0.12\bin\msvcp140.dll
0x00007ffda9db0000 - 0x00007ffdaaa35000 	C:\Users\GIGABYTE\.jdks\jbr-17.0.12\bin\server\jvm.dll
0x00007ffe026b0000 - 0x00007ffe02761000 	C:\WINDOWS\System32\ADVAPI32.dll
0x00007ffe027a0000 - 0x00007ffe02847000 	C:\WINDOWS\System32\sechost.dll
0x00007ffdffdc0000 - 0x00007ffdffde8000 	C:\WINDOWS\System32\bcrypt.dll
0x00007ffe01c00000 - 0x00007ffe01d14000 	C:\WINDOWS\System32\RPCRT4.dll
0x00007ffde9c50000 - 0x00007ffde9c59000 	C:\WINDOWS\SYSTEM32\WSOCK32.dll
0x00007ffdfec60000 - 0x00007ffdfecad000 	C:\WINDOWS\SYSTEM32\POWRPROF.dll
0x00007ffdfae30000 - 0x00007ffdfae64000 	C:\WINDOWS\SYSTEM32\WINMM.dll
0x00007ffe029e0000 - 0x00007ffe02a51000 	C:\WINDOWS\System32\WS2_32.dll
0x00007ffdf85b0000 - 0x00007ffdf85ba000 	C:\WINDOWS\SYSTEM32\VERSION.dll
0x00007ffdfec40000 - 0x00007ffdfec53000 	C:\WINDOWS\SYSTEM32\UMPDC.dll
0x00007ffdfeef0000 - 0x00007ffdfef08000 	C:\WINDOWS\SYSTEM32\kernel.appcore.dll
0x00007ffdd82c0000 - 0x00007ffdd82ca000 	C:\Users\GIGABYTE\.jdks\jbr-17.0.12\bin\jimage.dll
0x00007ffdf47f0000 - 0x00007ffdf4a22000 	C:\WINDOWS\SYSTEM32\DBGHELP.DLL
0x00007ffe020a0000 - 0x00007ffe02430000 	C:\WINDOWS\System32\combase.dll
0x00007ffe00fb0000 - 0x00007ffe01087000 	C:\WINDOWS\System32\OLEAUT32.dll
0x00007ffdea8a0000 - 0x00007ffdea8d2000 	C:\WINDOWS\SYSTEM32\dbgcore.DLL
0x00007ffe006e0000 - 0x00007ffe0075b000 	C:\WINDOWS\System32\bcryptPrimitives.dll
0x00007ffdd0f80000 - 0x00007ffdd0fa5000 	C:\Users\GIGABYTE\.jdks\jbr-17.0.12\bin\java.dll
0x00007ffdd0f60000 - 0x00007ffdd0f78000 	C:\Users\GIGABYTE\.jdks\jbr-17.0.12\bin\zip.dll
0x00007ffdad900000 - 0x00007ffdad9d7000 	C:\Users\GIGABYTE\.jdks\jbr-17.0.12\bin\jsvml.dll
0x00007ffe01280000 - 0x00007ffe01af8000 	C:\WINDOWS\System32\SHELL32.dll
0x00007ffdfdcf0000 - 0x00007ffdfe600000 	C:\WINDOWS\SYSTEM32\windows.storage.dll
0x00007ffdfdbb0000 - 0x00007ffdfdcef000 	C:\WINDOWS\SYSTEM32\wintypes.dll
0x00007ffe01ed0000 - 0x00007ffe01fda000 	C:\WINDOWS\System32\SHCORE.dll
0x00007ffe02a70000 - 0x00007ffe02ace000 	C:\WINDOWS\System32\shlwapi.dll
0x00007ffdffcf0000 - 0x00007ffdffd1b000 	C:\WINDOWS\SYSTEM32\profapi.dll
0x00007ffdd0f40000 - 0x00007ffdd0f59000 	C:\Users\GIGABYTE\.jdks\jbr-17.0.12\bin\net.dll
0x00007ffdfa7c0000 - 0x00007ffdfa8ec000 	C:\WINDOWS\SYSTEM32\WINHTTP.dll
0x00007ffdff370000 - 0x00007ffdff3da000 	C:\WINDOWS\system32\mswsock.dll
0x00007ffdd0c00000 - 0x00007ffdd0c16000 	C:\Users\GIGABYTE\.jdks\jbr-17.0.12\bin\nio.dll
0x000001903afe0000 - 0x000001903afe3000 	C:\Users\GIGABYTE\.openjfx\cache\21+31\amd64\api-ms-win-core-console-l1-1-0.dll
0x000001903aff0000 - 0x000001903aff3000 	C:\Users\GIGABYTE\.openjfx\cache\21+31\amd64\api-ms-win-core-console-l1-2-0.dll
0x000001903fd40000 - 0x000001903fd43000 	C:\Users\GIGABYTE\.openjfx\cache\21+31\amd64\api-ms-win-core-datetime-l1-1-0.dll
0x000001903fd50000 - 0x000001903fd53000 	C:\Users\GIGABYTE\.openjfx\cache\21+31\amd64\api-ms-win-core-debug-l1-1-0.dll
0x000001903fd60000 - 0x000001903fd63000 	C:\Users\GIGABYTE\.openjfx\cache\21+31\amd64\api-ms-win-core-errorhandling-l1-1-0.dll
0x000001903fd70000 - 0x000001903fd74000 	C:\Users\GIGABYTE\.openjfx\cache\21+31\amd64\api-ms-win-core-file-l1-1-0.dll
0x000001903fd80000 - 0x000001903fd83000 	C:\Users\GIGABYTE\.openjfx\cache\21+31\amd64\api-ms-win-core-file-l1-2-0.dll
0x000001903fd90000 - 0x000001903fd93000 	C:\Users\GIGABYTE\.openjfx\cache\21+31\amd64\api-ms-win-core-file-l2-1-0.dll
0x000001903fda0000 - 0x000001903fda3000 	C:\Users\GIGABYTE\.openjfx\cache\21+31\amd64\api-ms-win-core-handle-l1-1-0.dll
0x000001903fdb0000 - 0x000001903fdb3000 	C:\Users\GIGABYTE\.openjfx\cache\21+31\amd64\api-ms-win-core-heap-l1-1-0.dll
0x000001903fdc0000 - 0x000001903fdc3000 	C:\Users\GIGABYTE\.openjfx\cache\21+31\amd64\api-ms-win-core-interlocked-l1-1-0.dll
0x000001903fdd0000 - 0x000001903fdd3000 	C:\Users\GIGABYTE\.openjfx\cache\21+31\amd64\api-ms-win-core-libraryloader-l1-1-0.dll
0x000001903fde0000 - 0x000001903fde3000 	C:\Users\GIGABYTE\.openjfx\cache\21+31\amd64\api-ms-win-core-localization-l1-2-0.dll
0x000001903fdf0000 - 0x000001903fdf3000 	C:\Users\GIGABYTE\.openjfx\cache\21+31\amd64\api-ms-win-core-memory-l1-1-0.dll
0x000001903fe00000 - 0x000001903fe03000 	C:\Users\GIGABYTE\.openjfx\cache\21+31\amd64\api-ms-win-core-namedpipe-l1-1-0.dll
0x000001903fe10000 - 0x000001903fe13000 	C:\Users\GIGABYTE\.openjfx\cache\21+31\amd64\api-ms-win-core-processenvironment-l1-1-0.dll
0x000001903fe20000 - 0x000001903fe23000 	C:\Users\GIGABYTE\.openjfx\cache\21+31\amd64\api-ms-win-core-processthreads-l1-1-0.dll
0x000001903fe30000 - 0x000001903fe33000 	C:\Users\GIGABYTE\.openjfx\cache\21+31\amd64\api-ms-win-core-processthreads-l1-1-1.dll
0x000001903fe40000 - 0x000001903fe43000 	C:\Users\GIGABYTE\.openjfx\cache\21+31\amd64\api-ms-win-core-profile-l1-1-0.dll
0x000001903fe50000 - 0x000001903fe53000 	C:\Users\GIGABYTE\.openjfx\cache\21+31\amd64\api-ms-win-core-rtlsupport-l1-1-0.dll
0x000001903fe60000 - 0x000001903fe63000 	C:\Users\GIGABYTE\.openjfx\cache\21+31\amd64\api-ms-win-core-string-l1-1-0.dll
0x000001903fe70000 - 0x000001903fe73000 	C:\Users\GIGABYTE\.openjfx\cache\21+31\amd64\api-ms-win-core-synch-l1-1-0.dll
0x000001903fe80000 - 0x000001903fe83000 	C:\Users\GIGABYTE\.openjfx\cache\21+31\amd64\api-ms-win-core-synch-l1-2-0.dll
0x000001903fe90000 - 0x000001903fe93000 	C:\Users\GIGABYTE\.openjfx\cache\21+31\amd64\api-ms-win-core-sysinfo-l1-1-0.dll
0x000001903fea0000 - 0x000001903fea3000 	C:\Users\GIGABYTE\.openjfx\cache\21+31\amd64\api-ms-win-core-timezone-l1-1-0.dll
0x000001903feb0000 - 0x000001903feb3000 	C:\Users\GIGABYTE\.openjfx\cache\21+31\amd64\api-ms-win-core-util-l1-1-0.dll
0x000001903fec0000 - 0x000001903fec3000 	C:\Users\GIGABYTE\.openjfx\cache\21+31\amd64\api-ms-win-crt-conio-l1-1-0.dll
0x000001903fed0000 - 0x000001903fed4000 	C:\Users\GIGABYTE\.openjfx\cache\21+31\amd64\api-ms-win-crt-convert-l1-1-0.dll
0x000001903fee0000 - 0x000001903fee3000 	C:\Users\GIGABYTE\.openjfx\cache\21+31\amd64\api-ms-win-crt-environment-l1-1-0.dll
0x000001903fef0000 - 0x000001903fef3000 	C:\Users\GIGABYTE\.openjfx\cache\21+31\amd64\api-ms-win-crt-filesystem-l1-1-0.dll
0x000001903ff00000 - 0x000001903ff03000 	C:\Users\GIGABYTE\.openjfx\cache\21+31\amd64\api-ms-win-crt-heap-l1-1-0.dll
0x000001903ff10000 - 0x000001903ff13000 	C:\Users\GIGABYTE\.openjfx\cache\21+31\amd64\api-ms-win-crt-locale-l1-1-0.dll
0x000001903ff20000 - 0x000001903ff25000 	C:\Users\GIGABYTE\.openjfx\cache\21+31\amd64\api-ms-win-crt-math-l1-1-0.dll
0x000001903ff30000 - 0x000001903ff35000 	C:\Users\GIGABYTE\.openjfx\cache\21+31\amd64\api-ms-win-crt-multibyte-l1-1-0.dll
0x000001903ff40000 - 0x000001903ff50000 	C:\Users\GIGABYTE\.openjfx\cache\21+31\amd64\api-ms-win-crt-private-l1-1-0.dll
0x000001903ff50000 - 0x000001903ff53000 	C:\Users\GIGABYTE\.openjfx\cache\21+31\amd64\api-ms-win-crt-process-l1-1-0.dll
0x000001903ff60000 - 0x000001903ff64000 	C:\Users\GIGABYTE\.openjfx\cache\21+31\amd64\api-ms-win-crt-runtime-l1-1-0.dll
0x000001903ff70000 - 0x000001903ff74000 	C:\Users\GIGABYTE\.openjfx\cache\21+31\amd64\api-ms-win-crt-stdio-l1-1-0.dll
0x000001903ff80000 - 0x000001903ff84000 	C:\Users\GIGABYTE\.openjfx\cache\21+31\amd64\api-ms-win-crt-string-l1-1-0.dll
0x000001903ff90000 - 0x000001903ff93000 	C:\Users\GIGABYTE\.openjfx\cache\21+31\amd64\api-ms-win-crt-time-l1-1-0.dll
0x000001903ffa0000 - 0x000001903ffa3000 	C:\Users\GIGABYTE\.openjfx\cache\21+31\amd64\api-ms-win-crt-utility-l1-1-0.dll
0x00007ffdad700000 - 0x00007ffdad7fc000 	C:\Users\GIGABYTE\.openjfx\cache\21+31\amd64\ucrtbase.dll
0x00007ffdd0be0000 - 0x00007ffdd0bfb000 	C:\Users\GIGABYTE\.openjfx\cache\21+31\amd64\vcruntime140.dll
0x00007ffdd78a0000 - 0x00007ffdd78ac000 	C:\Users\GIGABYTE\.openjfx\cache\21+31\amd64\vcruntime140_1.dll
0x00007ffdad870000 - 0x00007ffdad8fe000 	C:\Users\GIGABYTE\.openjfx\cache\21+31\amd64\msvcp140.dll
0x00007ffe01d20000 - 0x00007ffe01ec1000 	C:\WINDOWS\System32\ole32.dll
0x00007ffdd76c0000 - 0x00007ffdd76c9000 	C:\Users\GIGABYTE\.openjfx\cache\21+31\amd64\msvcp140_1.dll
0x00007ffdca2f0000 - 0x00007ffdca31f000 	C:\Users\GIGABYTE\.openjfx\cache\21+31\amd64\msvcp140_2.dll
0x00007ffdc8b40000 - 0x00007ffdc8b6f000 	C:\Users\GIGABYTE\.openjfx\cache\21+31\amd64\prism_d3d.dll
0x00007ffddadb0000 - 0x00007ffddaf58000 	C:\WINDOWS\system32\d3d9.dll
0x00007ffdfd490000 - 0x00007ffdfd4bb000 	C:\WINDOWS\SYSTEM32\dwmapi.dll
0x00007ffdfd4f0000 - 0x00007ffdfd527000 	C:\WINDOWS\SYSTEM32\dxcore.dll
0x00007ffdfd1f0000 - 0x00007ffdfd2a1000 	C:\WINDOWS\system32\uxtheme.dll
0x00007ffd806a0000 - 0x00007ffd8084c000 	C:\Windows\System32\DriverStore\FileRepository\iigd_dch.inf_amd64_7510514be791188f\igdumdim64.dll
0x00007ffd6a440000 - 0x00007ffd6eca4000 	C:\Windows\System32\DriverStore\FileRepository\iigd_dch.inf_amd64_7510514be791188f\igd9dxva64.dll
0x00007ffe00b30000 - 0x00007ffe00fa4000 	C:\WINDOWS\System32\SETUPAPI.dll
0x00007ffdffa90000 - 0x00007ffdffade000 	C:\WINDOWS\SYSTEM32\cfgmgr32.dll
0x00007ffded540000 - 0x00007ffded949000 	C:\Windows\System32\DriverStore\FileRepository\iigd_dch.inf_amd64_7510514be791188f\igdgmm64.dll
0x00007ffdf7640000 - 0x00007ffdf7689000 	C:\WINDOWS\SYSTEM32\directxdatabasehelper.dll
0x00007ffdc2380000 - 0x00007ffdc23c2000 	C:\Users\GIGABYTE\.openjfx\cache\21+31\amd64\glass.dll
0x00007ffe02860000 - 0x00007ffe02962000 	C:\WINDOWS\System32\COMDLG32.dll
0x00007ffe01120000 - 0x00007ffe0127f000 	C:\WINDOWS\System32\MSCTF.dll
0x00007ffde0050000 - 0x00007ffde0077000 	C:\Windows\System32\DriverStore\FileRepository\iigd_dch.inf_amd64_7510514be791188f\igdinfo64.dll
0x00007ffde4b90000 - 0x00007ffde9214000 	C:\Windows\System32\DriverStore\FileRepository\iigd_dch.inf_amd64_7510514be791188f\igc64.dll
0x00007ffdd7140000 - 0x00007ffdd7149000 	C:\Users\GIGABYTE\.jdks\jbr-17.0.12\bin\extnet.dll
0x00007ffdd0bc0000 - 0x00007ffdd0bd4000 	C:\Users\GIGABYTE\.openjfx\cache\21+31\amd64\javafx_font.dll
0x00007ffdf8cd0000 - 0x00007ffdf8f43000 	C:\WINDOWS\SYSTEM32\dwrite.dll
0x00007ffdd7030000 - 0x00007ffdd703e000 	C:\Users\GIGABYTE\.jdks\jbr-17.0.12\bin\sunmscapi.dll
0x00007ffe00050000 - 0x00007ffe001b6000 	C:\WINDOWS\System32\CRYPT32.dll
0x00007ffdff760000 - 0x00007ffdff78d000 	C:\WINDOWS\SYSTEM32\ncrypt.dll
0x00007ffdff720000 - 0x00007ffdff757000 	C:\WINDOWS\SYSTEM32\NTASN1.dll
0x00007ffdff5c0000 - 0x00007ffdff5db000 	C:\WINDOWS\SYSTEM32\CRYPTSP.dll
0x00007ffdfee50000 - 0x00007ffdfee85000 	C:\WINDOWS\system32\rsaenh.dll
0x00007ffdff460000 - 0x00007ffdff488000 	C:\WINDOWS\SYSTEM32\USERENV.dll
0x00007ffdff5e0000 - 0x00007ffdff5ec000 	C:\WINDOWS\SYSTEM32\CRYPTBASE.dll
0x00007ffdfe8d0000 - 0x00007ffdfe8fd000 	C:\WINDOWS\SYSTEM32\IPHLPAPI.DLL
0x00007ffe02090000 - 0x00007ffe02099000 	C:\WINDOWS\System32\NSI.dll
0x00007ffdfa6c0000 - 0x00007ffdfa6d9000 	C:\WINDOWS\SYSTEM32\dhcpcsvc6.DLL
0x00007ffdfa5d0000 - 0x00007ffdfa5ef000 	C:\WINDOWS\SYSTEM32\dhcpcsvc.DLL
0x00007ffdfe940000 - 0x00007ffdfea42000 	C:\WINDOWS\SYSTEM32\DNSAPI.dll

dbghelp: loaded successfully - version: 4.0.5 - missing functions: none
symbol engine: initialized successfully - sym options: 0x614 - pdb path: .;C:\Users\GIGABYTE\.jdks\jbr-17.0.12\bin;C:\WINDOWS\SYSTEM32;C:\WINDOWS\WinSxS\amd64_microsoft.windows.common-controls_6595b64144ccf1df_6.0.22621.4830_none_270fe7d773858e80;C:\Users\GIGABYTE\.jdks\jbr-17.0.12\bin\server;C:\Users\GIGABYTE\.openjfx\cache\21+31\amd64;C:\Windows\System32\DriverStore\FileRepository\iigd_dch.inf_amd64_7510514be791188f

VM Arguments:
jvm_args: --module-path=C:\Users\GIGABYTE\.m2\repository\org\openjfx\javafx-base\21\javafx-base-21-win.jar;C:\Users\GIGABYTE\.m2\repository\org\openjfx\javafx-base\21\javafx-base-21.jar;C:\Users\GIGABYTE\.m2\repository\org\openjfx\javafx-controls\21\javafx-controls-21-win.jar;C:\Users\GIGABYTE\.m2\repository\org\openjfx\javafx-controls\21\javafx-controls-21.jar;C:\Users\GIGABYTE\.m2\repository\org\openjfx\javafx-fxml\21\javafx-fxml-21-win.jar;C:\Users\GIGABYTE\.m2\repository\org\openjfx\javafx-fxml\21\javafx-fxml-21.jar;C:\Users\GIGABYTE\.m2\repository\org\openjfx\javafx-graphics\21\javafx-graphics-21-win.jar;C:\Users\GIGABYTE\.m2\repository\org\openjfx\javafx-graphics\21\javafx-graphics-21.jar;C:\Users\GIGABYTE\.m2\repository\org\openjfx\javafx-media\21\javafx-media-21-win.jar;C:\Users\GIGABYTE\.m2\repository\org\openjfx\javafx-media\21\javafx-media-21.jar --add-modules=javafx.base,javafx.controls,javafx.fxml,javafx.graphics,javafx.media 
java_command: tn.esprit.MainFx
java_class_path (initial): C:\LevelOPjava\target\classes;C:\Users\GIGABYTE\.m2\repository\com\google\protobuf\protobuf-java\3.21.9\protobuf-java-3.21.9.jar;C:\Users\GIGABYTE\.m2\repository\com\mysql\mysql-connector-j\8.0.33\mysql-connector-j-8.0.33.jar;C:\Users\GIGABYTE\.m2\repository\com\squareup\okhttp3\okhttp\4.10.0\okhttp-4.10.0.jar;C:\Users\GIGABYTE\.m2\repository\com\squareup\okio\okio-jvm\3.0.0\okio-jvm-3.0.0.jar;C:\Users\GIGABYTE\.m2\repository\com\sun\mail\javax.mail\1.6.2\javax.mail-1.6.2.jar;C:\Users\GIGABYTE\.m2\repository\javax\activation\activation\1.1\activation-1.1.jar;C:\Users\GIGABYTE\.m2\repository\org\apache\commons\commons-imaging\1.0-alpha3\commons-imaging-1.0-alpha3.jar;C:\Users\GIGABYTE\.m2\repository\org\jetbrains\annotations\13.0\annotations-13.0.jar;C:\Users\GIGABYTE\.m2\repository\org\jetbrains\kotlin\kotlin-stdlib\1.6.20\kotlin-stdlib-1.6.20.jar;C:\Users\GIGABYTE\.m2\repository\org\jetbrains\kotlin\kotlin-stdlib-common\1.5.31\kotlin-stdlib-common-1.5.31.jar;C:\Users\GIGABYTE\.m2\repository\org\jetbrains\kotlin\kotlin-stdlib-jdk7\1.5.31\kotlin-stdlib-jdk7-1.5.31.jar;C:\Users\GIGABYTE\.m2\repository\org\jetbrains\kotlin\kotlin-stdlib-jdk8\1.5.31\kotlin-stdlib-jdk8-1.5.31.jar;C:\Users\GIGABYTE\.m2\repository\org\json\json\20210307\json-20210307.jar;C:\Users\GIGABYTE\.m2\repository\org\mindrot\jbcrypt\0.4\jbcrypt-0.4.jar
Launcher Type: SUN_STANDARD

[Global flags]
     intx CICompilerCount                          = 4                                         {product} {ergonomic}
     uint ConcGCThreads                            = 3                                         {product} {ergonomic}
     uint G1ConcRefinementThreads                  = 10                                        {product} {ergonomic}
   size_t G1HeapRegionSize                         = 2097152                                   {product} {ergonomic}
    uintx GCDrainStackTargetSize                   = 64                                        {product} {ergonomic}
   size_t InitialHeapSize                          = 266338304                                 {product} {ergonomic}
   size_t MarkStackSize                            = 4194304                                   {product} {ergonomic}
   size_t MaxHeapSize                              = 4238344192                                {product} {ergonomic}
   size_t MaxNewSize                               = 2541748224                                {product} {ergonomic}
   size_t MinHeapDeltaBytes                        = 2097152                                   {product} {ergonomic}
   size_t MinHeapSize                              = 8388608                                   {product} {ergonomic}
    uintx NonNMethodCodeHeapSize                   = 5839372                                {pd product} {ergonomic}
    uintx NonProfiledCodeHeapSize                  = 122909434                              {pd product} {ergonomic}
    uintx ProfiledCodeHeapSize                     = 122909434                              {pd product} {ergonomic}
    uintx ReservedCodeCacheSize                    = 251658240                              {pd product} {ergonomic}
     bool SegmentedCodeCache                       = true                                      {product} {ergonomic}
   size_t SoftMaxHeapSize                          = 4238344192                             {manageable} {ergonomic}
     bool UseCompressedClassPointers               = true                           {product lp64_product} {ergonomic}
     bool UseCompressedOops                        = true                           {product lp64_product} {ergonomic}
     bool UseG1GC                                  = true                                      {product} {ergonomic}
     bool UseLargePagesIndividualAllocation        = false                                  {pd product} {ergonomic}

Logging:
Log output configuration:
 #0: stdout all=warning uptime,level,tags
 #1: stderr all=off uptime,level,tags

Environment Variables:
PATH=C:\oraclexe\app\oracle\product\11.2.0\server\bin;;C:\Program Files (x86)\VMware\VMware Workstation\bin\;C:\Program Files (x86)\Common Files\Intel\Shared Libraries\redist\intel64\compiler;C:\Python311\Scripts\;C:\Python311\;C:\Windows\system32;C:\Windows;C:\Windows\System32\Wbem;C:\Windows\System32\WindowsPowerShell\v1.0\;C:\Windows\System32\OpenSSH\;C:\Program Files (x86)\NVIDIA Corporation\PhysX\Common;C:\Program Files\NVIDIA Corporation\NVIDIA NvDLISR;C:\Program Files\nodejs\;C:\ProgramData\chocolatey\bin;C:\WINDOWS\system32;C:\WINDOWS;C:\WINDOWS\System32\Wbem;C:\WINDOWS\System32\WindowsPowerShell\v1.0\;C:\WINDOWS\System32\OpenSSH\;C:\xampp\php;C:\ProgramData\ComposerSetup\bin;C:\Program Files\Git\cmd;C:\Users\GIGABYTE\.jdks\jbr-17.0.12\bin;C:\Users\GIGABYTE\scoop\shims;C:\Users\GIGABYTE\AppData\Local\Microsoft\WindowsApps;C:\Users\GIGABYTE\AppData\Roaming\npm;C:\Users\GIGABYTE\AppData\Local\Programs\Microsoft VS Code\bin;C:\Users\GIGABYTE\AppData\Roaming\Composer\vendor\bin;
USERNAME=GIGABYTE
OS=Windows_NT
PROCESSOR_IDENTIFIER=Intel64 Family 6 Model 141 Stepping 1, GenuineIntel
TMP=C:\Users\GIGABYTE\AppData\Local\Temp
TEMP=C:\Users\GIGABYTE\AppData\Local\Temp



Periodic native trim disabled

JNI global refs:
JNI global refs: 26, weak refs: 1

JNI global refs memory usage: 843, weak refs: 841

OOME stack traces (most recent first):
Classloader memory used:
Loader bootstrap                                                                       : 2525K
Loader jdk.internal.loader.ClassLoaders$AppClassLoader                                 : 1314K
Loader jdk.internal.loader.ClassLoaders$PlatformClassLoader                            : 91691B
Loader jdk.internal.reflect.DelegatingClassLoader                                      : 9689B
Loader com.sun.javafx.reflect.MethodUtil                                               : 510B


---------------  S Y S T E M  ---------------

OS:
 Windows 11 , 64 bit Build 22621 (10.0.22621.4830)
OS uptime: 2 days 5:18 hours

CPU: total 12 (initial active 12) (6 cores per cpu, 2 threads per core) family 6 model 141 stepping 1 microcode 0x3c, cx8, cmov, fxsr, ht, mmx, 3dnowpref, sse, sse2, sse3, ssse3, sse4.1, sse4.2, popcnt, lzcnt, tsc, tscinvbit, avx, avx2, aes, erms, clmul, bmi1, bmi2, adx, avx512f, avx512dq, avx512cd, avx512bw, avx512vl, sha, fma, vzeroupper, avx512_vpopcntdq, avx512_vpclmulqdq, avx512_vaes, avx512_vnni, clflush, clflushopt, clwb, avx512_vbmi2, avx512_vbmi
Processor Information for all 12 processors :
  Max Mhz: 2688, Current Mhz: 2688, Mhz Limit: 2688

Memory: 4k page, system-wide physical 16163M (1517M free)
TotalPageFile size 65272M (AvailPageFile size 99M)
current process WorkingSet (physical memory assigned to process): 316M, peak: 316M
current process commit charge ("private bytes"): 593M, peak: 899M

vm_info: OpenJDK 64-Bit Server VM (17.0.12+1-b1087.25) for windows-amd64 JRE (17.0.12+1-b1087.25), built on 2024-08-30 by "builduser" with MS VC++ 16.10 / 16.11 (VS2019)

END.
